2022.12.08 20:13:40 INFO  tracing is disabled for protocol LSP, to enable tracing of incoming and outgoing JSON messages create an empty file at /home/justin/Documents/CodeProjects/Capibara-Tools/website/capibara-website-server/.metals/lsp.trace.json or /home/justin/.cache/metals/lsp.trace.json
2022.12.08 20:13:40 INFO  logging to file /home/justin/Documents/CodeProjects/Capibara-Tools/website/capibara-website-server/.metals/metals.log
2022.12.08 20:13:40 INFO  Started: Metals version 0.11.9 in workspace '/home/justin/Documents/CodeProjects/Capibara-Tools/website/capibara-website-server' for client Visual Studio Code 1.73.1.
2022.12.08 20:13:42 INFO  time: initialize in 1.26s
2022.12.08 20:13:43 WARN  Build server is not auto-connectable.
2022.12.09 12:03:36 INFO  shutting down Metals
2022.12.15 11:46:46 INFO  tracing is disabled for protocol LSP, to enable tracing of incoming and outgoing JSON messages create an empty file at /home/justin/Documents/CodeProjects/Capibara-Tools/website/capibara-website-server/.metals/lsp.trace.json or /home/justin/.cache/metals/lsp.trace.json
2022.12.15 11:46:46 INFO  logging to file /home/justin/Documents/CodeProjects/Capibara-Tools/website/capibara-website-server/.metals/metals.log
2022.12.15 11:46:46 INFO  Started: Metals version 0.11.9 in workspace '/home/justin/Documents/CodeProjects/Capibara-Tools/website/capibara-website-server' for client Visual Studio Code 1.73.1.
2022.12.15 11:46:47 INFO  time: initialize in 0.82s
2022.12.15 11:46:48 WARN  Build server is not auto-connectable.
2022.12.15 11:46:54 ERROR Unexpected error initializing serverscala.concurrent.Future$$anon$2: Future.filter predicate is not satisfied

2022.12.15 17:54:55 INFO  tracing is disabled for protocol LSP, to enable tracing of incoming and outgoing JSON messages create an empty file at /home/justin/Documents/CodeProjects/Capibara-Tools/website/capibara-website-server/.metals/lsp.trace.json or /home/justin/.cache/metals/lsp.trace.json
2022.12.15 17:54:56 INFO  logging to file /home/justin/Documents/CodeProjects/Capibara-Tools/website/capibara-website-server/.metals/metals.log
2022.12.15 17:54:56 INFO  Started: Metals version 0.11.9 in workspace '/home/justin/Documents/CodeProjects/Capibara-Tools/website/capibara-website-server' for client Visual Studio Code 1.73.1.
2022.12.15 17:55:00 INFO  time: initialize in 4.47s
2022.12.15 17:55:02 WARN  Build server is not auto-connectable.
2022.12.16 14:10:16 INFO  tracing is disabled for protocol LSP, to enable tracing of incoming and outgoing JSON messages create an empty file at /home/justin/Documents/CodeProjects/Capibara-Tools/website/capibara-website-server/.metals/lsp.trace.json or /home/justin/.cache/metals/lsp.trace.json
2022.12.16 14:10:16 INFO  logging to file /home/justin/Documents/CodeProjects/Capibara-Tools/website/capibara-website-server/.metals/metals.log
2022.12.16 14:10:16 INFO  Started: Metals version 0.11.9 in workspace '/home/justin/Documents/CodeProjects/Capibara-Tools/website/capibara-website-server' for client Visual Studio Code 1.73.1.
2022.12.16 14:10:21 INFO  time: initialize in 4.75s
2022.12.16 14:10:23 WARN  Build server is not auto-connectable.
2022.12.16 15:15:12 WARN  no build target for: /home/justin/Documents/CodeProjects/Capibara-Tools/website/capibara-website-server/build.sbt
2022.12.16 15:15:14 INFO  no build target found for /home/justin/Documents/CodeProjects/Capibara-Tools/website/capibara-website-server/build.sbt. Using presentation compiler with project's scala-library version: 3.2.0
2022.12.16 15:15:15 INFO  time: code lens generation in 2.79s
2022.12.16 15:15:15 WARN  no build target for: /home/justin/Documents/CodeProjects/Capibara-Tools/website/capibara-website-server/build.sc
2022.12.16 15:19:48 WARN  no build target for: /home/justin/Documents/CodeProjects/Capibara-Tools/website/capibara-website-server/app/controllers/v1/CapibaraController.scala
2022.12.16 15:20:17 WARN  no build target for: /home/justin/Documents/CodeProjects/Capibara-Tools/website/capibara-website-server/app/controllers/v1/CapibaraController.scala
2022.12.16 15:23:08 WARN  no build target for: /home/justin/Documents/CodeProjects/Capibara-Tools/website/capibara-website-server/app/controllers/v1/CapibaraController.scala
2022.12.16 15:25:31 WARN  no build target for: /home/justin/Documents/CodeProjects/Capibara-Tools/website/capibara-website-server/app/controllers/v1/CapibaraController.scala
2022.12.16 15:29:35 WARN  no build target for: /home/justin/Documents/CodeProjects/Capibara-Tools/website/capibara-website-server/app/controllers/v1/CapibaraController.scala
2022.12.16 15:29:37 WARN  no build target for: /home/justin/Documents/CodeProjects/Capibara-Tools/website/capibara-website-server/app/controllers/v1/CapibaraController.scala
2022.12.16 15:29:55 WARN  no build target for: /home/justin/Documents/CodeProjects/Capibara-Tools/website/capibara-website-server/app/controllers/v1/CapibaraController.scala
2022.12.16 15:29:56 WARN  no build target for: /home/justin/Documents/CodeProjects/Capibara-Tools/website/capibara-website-server/app/controllers/v1/CapibaraController.scala
2022.12.16 15:32:08 WARN  no build target for: /home/justin/Documents/CodeProjects/Capibara-Tools/website/capibara-website-server/app/controllers/v1/CapibaraController.scala
2022.12.16 15:32:11 WARN  no build target for: /home/justin/Documents/CodeProjects/Capibara-Tools/website/capibara-website-server/app/controllers/v1/CapibaraController.scala
2022.12.16 19:12:10 INFO  tracing is disabled for protocol LSP, to enable tracing of incoming and outgoing JSON messages create an empty file at /home/justin/Documents/CodeProjects/Capibara-Tools/website/capibara-website-server/.metals/lsp.trace.json or /home/justin/.cache/metals/lsp.trace.json
2022.12.16 19:12:10 INFO  logging to file /home/justin/Documents/CodeProjects/Capibara-Tools/website/capibara-website-server/.metals/metals.log
2022.12.16 19:12:10 INFO  Started: Metals version 0.11.9 in workspace '/home/justin/Documents/CodeProjects/Capibara-Tools/website/capibara-website-server' for client Visual Studio Code 1.73.1.
2022.12.16 19:12:11 INFO  time: initialize in 1.22s
2022.12.16 19:12:13 WARN  Build server is not auto-connectable.
2022.12.16 19:15:09 WARN  no build target for: /home/justin/Documents/CodeProjects/Capibara-Tools/website/capibara-website-server/app/controllers/v1/CapibaraController.scala
2022.12.16 19:15:12 INFO  no build target found for /home/justin/Documents/CodeProjects/Capibara-Tools/website/capibara-website-server/app/controllers/v1/CapibaraController.scala. Using presentation compiler with project's scala-library version: 3.2.0
2022.12.16 19:15:14 INFO  time: code lens generation in 4.16s
2022.12.16 19:15:14 INFO  time: code lens generation in 1.58s
2022.12.16 19:15:38 WARN  no build target for: /home/justin/Documents/CodeProjects/Capibara-Tools/website/capibara-website-server/app/controllers/v1/CapibaraController.scala
2022.12.16 19:15:43 WARN  no build target for: /home/justin/Documents/CodeProjects/Capibara-Tools/website/capibara-website-server/app/controllers/v1/CapibaraController.scala
Dec 16, 2022 7:15:45 PM scala.meta.internal.pc.CompilerAccess handleError
SEVERE: 0
java.lang.IndexOutOfBoundsException: 0
	at scala.collection.LinearSeqOps.apply(LinearSeq.scala:131)
	at scala.collection.LinearSeqOps.apply$(LinearSeq.scala:128)
	at scala.collection.immutable.List.apply(List.scala:79)
	at dotty.tools.dotc.util.Signatures$.countParams(Signatures.scala:436)
	at dotty.tools.dotc.util.Signatures$.applyCallInfo(Signatures.scala:156)
	at dotty.tools.dotc.util.Signatures$.computeSignatureHelp(Signatures.scala:91)
	at dotty.tools.dotc.util.Signatures$.signatureHelp(Signatures.scala:61)
	at scala.meta.internal.pc.MetalsSignatures$.signatures(MetalsSignatures.scala:22)
	at scala.meta.internal.pc.SignatureHelpProvider$.signatureHelp(SignatureHelpProvider.scala:56)

2022.12.16 19:15:51 WARN  no build target for: /home/justin/Documents/CodeProjects/Capibara-Tools/website/capibara-website-server/app/controllers/v1/CapibaraController.scala
2022.12.16 19:17:43 WARN  no build target for: /home/justin/Documents/CodeProjects/Capibara-Tools/website/capibara-website-server/app/controllers/v1/CapibaraController.scala
2022.12.16 19:17:44 WARN  no build target for: /home/justin/Documents/CodeProjects/Capibara-Tools/website/capibara-website-server/app/controllers/v1/CapibaraController.scala
2022.12.16 19:18:20 WARN  no build target for: /home/justin/Documents/CodeProjects/Capibara-Tools/website/capibara-website-server/app/controllers/v1/CapibaraController.scala
2022.12.16 19:18:21 WARN  no build target for: /home/justin/Documents/CodeProjects/Capibara-Tools/website/capibara-website-server/app/controllers/v1/CapibaraController.scala
2022.12.16 19:19:18 WARN  no build target for: /home/justin/Documents/CodeProjects/Capibara-Tools/website/capibara-website-server/app/controllers/v1/CapibaraController.scala
2022.12.16 19:19:27 WARN  no build target for: /home/justin/Documents/CodeProjects/Capibara-Tools/website/capibara-website-server/app/controllers/v1/CapibaraController.scala
2022.12.16 19:19:45 WARN  no build target for: /home/justin/Documents/CodeProjects/Capibara-Tools/website/capibara-website-server/app/controllers/v1/CapibaraController.scala
2022.12.16 19:19:46 WARN  no build target for: /home/justin/Documents/CodeProjects/Capibara-Tools/website/capibara-website-server/app/controllers/v1/CapibaraController.scala
2022.12.16 19:25:39 WARN  no build target for: /home/justin/Documents/CodeProjects/Capibara-Tools/website/capibara-website-server/app/controllers/v1/CapibaraController.scala
2022.12.16 19:31:07 WARN  no build target for: /home/justin/Documents/CodeProjects/Capibara-Tools/website/capibara-website-server/app/controllers/v1/CapibaraController.scala
2022.12.16 19:31:09 WARN  no build target for: /home/justin/Documents/CodeProjects/Capibara-Tools/website/capibara-website-server/app/controllers/v1/CapibaraController.scala
2022.12.16 19:32:22 WARN  no build target for: /home/justin/Documents/CodeProjects/Capibara-Tools/website/capibara-website-server/app/controllers/v1/CapibaraController.scala
2022.12.16 19:32:58 WARN  no build target for: /home/justin/Documents/CodeProjects/Capibara-Tools/website/capibara-website-server/app/controllers/v1/CapibaraController.scala
2022.12.16 19:33:12 WARN  no build target for: /home/justin/Documents/CodeProjects/Capibara-Tools/website/capibara-website-server/app/controllers/v1/CapibaraController.scala
2022.12.16 19:34:55 WARN  no build target for: /home/justin/Documents/CodeProjects/Capibara-Tools/website/capibara-website-server/app/controllers/v1/CapibaraController.scala
2022.12.16 19:41:13 WARN  no build target for: /home/justin/Documents/CodeProjects/Capibara-Tools/website/capibara-website-server/app/controllers/v1/CapibaraController.scala
2022.12.16 19:43:06 WARN  no build target for: /home/justin/Documents/CodeProjects/Capibara-Tools/website/capibara-website-server/app/controllers/v1/CapibaraController.scala
2022.12.16 19:43:29 WARN  no build target for: /home/justin/Documents/CodeProjects/Capibara-Tools/website/capibara-website-server/app/controllers/v1/CapibaraController.scala
2022.12.16 19:43:50 WARN  no build target for: /home/justin/Documents/CodeProjects/Capibara-Tools/website/capibara-website-server/app/models/CapibaraDocument.scala
2022.12.16 19:44:55 WARN  no build target for: /home/justin/Documents/CodeProjects/Capibara-Tools/website/capibara-website-server/app/controllers/v1/CapibaraController.scala
2022.12.16 20:00:23 WARN  no build target for: /home/justin/Documents/CodeProjects/Capibara-Tools/website/capibara-website-server/app/models/CapibaraDocument.scala
2022.12.16 20:00:24 WARN  no build target for: /home/justin/Documents/CodeProjects/Capibara-Tools/website/capibara-website-server/app/models/CapibaraDocument.scala
2022.12.16 20:00:58 WARN  no build target for: /home/justin/Documents/CodeProjects/Capibara-Tools/website/capibara-website-server/app/models/CapibaraDocument.scala
2022.12.16 20:02:22 WARN  no build target for: /home/justin/Documents/CodeProjects/Capibara-Tools/website/capibara-website-server/app/models/CapibaraDocument.scala
2022.12.16 20:02:38 WARN  no build target for: /home/justin/Documents/CodeProjects/Capibara-Tools/website/capibara-website-server/app/models/CapibaraDocument.scala
Dec 16, 2022 8:02:38 PM org.eclipse.lsp4j.jsonrpc.RemoteEndpoint handleCancellation
WARNING: Unmatched cancel notification for request id 1059
2022.12.16 20:02:38 WARN  no build target for: /home/justin/Documents/CodeProjects/Capibara-Tools/website/capibara-website-server/app/models/CapibaraDocument.scala
2022.12.16 20:02:41 WARN  no build target for: /home/justin/Documents/CodeProjects/Capibara-Tools/website/capibara-website-server/app/models/CapibaraDocument.scala
2022.12.16 20:03:29 WARN  no build target for: /home/justin/Documents/CodeProjects/Capibara-Tools/website/capibara-website-server/app/models/CapibaraDocument.scala
2022.12.16 20:15:08 INFO  shutting down Metals
