2022.12.06 00:21:20 INFO  tracing is disabled for protocol LSP, to enable tracing of incoming and outgoing JSON messages create an empty file at /home/justin/Documents/CodeProjects/Capibara-Tools/website/.metals/lsp.trace.json or /home/justin/.cache/metals/lsp.trace.json
2022.12.06 00:21:20 INFO  logging to file /home/justin/Documents/CodeProjects/Capibara-Tools/website/.metals/metals.log
2022.12.06 00:21:20 INFO  Started: Metals version 0.11.9 in workspace '/home/justin/Documents/CodeProjects/Capibara-Tools/website' for client Visual Studio Code 1.73.1.
2022.12.06 00:21:21 INFO  time: initialize in 0.78s
2022.12.06 00:21:22 WARN  Build server is not auto-connectable.
2022.12.06 00:21:22 WARN  no build tool detected in workspace '/home/justin/Documents/CodeProjects/Capibara-Tools/website'. The most common cause for this problem is that the editor was opened in the wrong working directory, for example if you use sbt then the workspace directory should contain build.sbt. 
2022.12.06 00:21:22 WARN  no build target for: /home/justin/Documents/CodeProjects/Capibara-Tools/website/capibara-website-server/app/controllers/HomeController.scala
2022.12.06 00:21:24 INFO  no build target found for /home/justin/Documents/CodeProjects/Capibara-Tools/website/capibara-website-server/app/controllers/HomeController.scala. Using presentation compiler with project's scala-library version: 3.2.0
2022.12.06 00:21:25 INFO  time: code lens generation in 3.07s
2022.12.06 00:21:35 WARN  no build target for: /home/justin/Documents/CodeProjects/Capibara-Tools/website/capibara-website-server/app/controllers/HomeController.scala
2022.12.06 00:21:43 WARN  no build target for: /home/justin/Documents/CodeProjects/Capibara-Tools/website/capibara-website-server/app/controllers/CapibaraController.scala
2022.12.06 00:22:30 WARN  no build target for: /home/justin/Documents/CodeProjects/Capibara-Tools/website/capibara-website-server/app/controllers/v1/CapibaraController.scala
2022.12.06 00:25:09 WARN  no build target for: /home/justin/Documents/CodeProjects/Capibara-Tools/website/capibara-website-server/app/controllers/v1/CapibaraController.scala
2022.12.06 00:26:43 WARN  no build target for: /home/justin/Documents/CodeProjects/Capibara-Tools/website/capibara-website-server/build.sbt
2022.12.06 00:27:08 WARN  no build target for: /home/justin/Documents/CodeProjects/Capibara-Tools/website/capibara-website-server/build.sbt
2022.12.06 00:28:11 WARN  no build target for: /home/justin/Documents/CodeProjects/Capibara-Tools/website/capibara-website-server/app/controllers/v1/CapibaraController.scala
2022.12.06 00:28:26 WARN  no build target for: /home/justin/Documents/CodeProjects/Capibara-Tools/website/capibara-website-server/app/controllers/v1/CapibaraController.scala
2022.12.06 00:29:29 WARN  no build target for: /home/justin/Documents/CodeProjects/Capibara-Tools/website/capibara-website-server/app/controllers/v1/CapibaraController.scala
2022.12.06 00:29:32 WARN  no build target for: /home/justin/Documents/CodeProjects/Capibara-Tools/website/capibara-website-server/app/controllers/v1/CapibaraController.scala
2022.12.06 00:29:35 WARN  no build target for: /home/justin/Documents/CodeProjects/Capibara-Tools/website/capibara-website-server/app/controllers/v1/CapibaraController.scala
2022.12.06 00:33:05 WARN  no build target for: /home/justin/Documents/CodeProjects/Capibara-Tools/website/capibara-website-server/project/plugins.sbt
2022.12.06 00:36:23 WARN  no build target for: /home/justin/Documents/CodeProjects/Capibara-Tools/website/capibara-website-server/app/controllers/v1/CapibaraController.scala
2022.12.06 00:37:39 WARN  no build target for: /home/justin/Documents/CodeProjects/Capibara-Tools/website/capibara-website-server/app/model/CapibaraModel.scala.scala
2022.12.06 00:38:43 WARN  no build target for: /home/justin/Documents/CodeProjects/Capibara-Tools/website/capibara-website-server/app/model/CapibaraModel.scala
2022.12.06 00:38:56 ERROR scalafmt: /home/justin/Documents/CodeProjects/Capibara-Tools/website/capibara-website-server/app/model/CapibaraModel.scala:1: error: [dialect scala213] case classes must have a parameter list; try 'case class CapibaraModel()' or 'case object CapibaraModel'
case class CapibaraModel {
                         ^
2022.12.06 00:38:56 WARN  no build target for: /home/justin/Documents/CodeProjects/Capibara-Tools/website/capibara-website-server/app/model/CapibaraModel.scala
2022.12.06 00:44:51 ERROR scalafmt: /home/justin/Documents/CodeProjects/Capibara-Tools/website/capibara-website-server/app/model/CapibaraModel.scala:1: error: [dialect scala213] case classes must have a parameter list; try 'case class CapibaraModel()' or 'case object CapibaraModel'
case class CapibaraModel {
                         ^
2022.12.06 00:44:51 WARN  no build target for: /home/justin/Documents/CodeProjects/Capibara-Tools/website/capibara-website-server/app/model/CapibaraModel.scala
2022.12.06 00:45:32 WARN  no build target for: /home/justin/Documents/CodeProjects/Capibara-Tools/website/capibara-website-server/app/model/CapibaraModel.scala
2022.12.06 00:46:09 WARN  no build target for: /home/justin/Documents/CodeProjects/Capibara-Tools/website/capibara-website-server/app/model/CapibaraModel.scala
2022.12.06 00:47:40 ERROR scalafmt: /home/justin/Documents/CodeProjects/Capibara-Tools/website/capibara-website-server/app/model/CapibaraModel.scala:14: error: [dialect scala213] case classes must have a parameter list; try 'case class HeaderSummary()' or 'case object HeaderSummary'
case class HeaderSummary {
                         ^
2022.12.06 00:47:40 WARN  no build target for: /home/justin/Documents/CodeProjects/Capibara-Tools/website/capibara-website-server/app/model/CapibaraModel.scala
Dec 06, 2022 12:47:40 AM scala.meta.internal.pc.CompilerAccess handleError
SEVERE: NoDenotation.owner
java.lang.AssertionError: NoDenotation.owner
	at dotty.tools.dotc.core.SymDenotations$NoDenotation$.owner(SymDenotations.scala:2499)
	at dotty.tools.dotc.semanticdb.ExtractSemanticDB$Extractor.traverse(ExtractSemanticDB.scala:188)
	at dotty.tools.dotc.ast.Trees$Instance$TreeTraverser.apply(Trees.scala:1663)
	at dotty.tools.dotc.ast.Trees$Instance$TreeTraverser.apply(Trees.scala:1663)
	at dotty.tools.dotc.ast.Trees$Instance$TreeAccumulator.foldOver(Trees.scala:1627)
	at dotty.tools.dotc.ast.Trees$Instance$TreeAccumulator.foldOver(Trees.scala:1541)
	at dotty.tools.dotc.ast.Trees$Instance$TreeTraverser.traverseChildren(Trees.scala:1664)
	at dotty.tools.dotc.semanticdb.ExtractSemanticDB$Extractor.traverse(ExtractSemanticDB.scala:176)
	at dotty.tools.dotc.semanticdb.ExtractSemanticDB$Extractor.traverse$$anonfun$1(ExtractSemanticDB.scala:140)
	at scala.runtime.function.JProcedure1.apply(JProcedure1.java:15)
	at scala.runtime.function.JProcedure1.apply(JProcedure1.java:10)
	at scala.collection.immutable.List.foreach(List.scala:333)
	at dotty.tools.dotc.semanticdb.ExtractSemanticDB$Extractor.traverse(ExtractSemanticDB.scala:140)
	at scala.meta.internal.pc.SemanticdbTextDocumentProvider.textDocument(SemanticdbTextDocumentProvider.scala:39)

Dec 06, 2022 12:47:45 AM scala.meta.internal.pc.CompilerAccess handleError
SEVERE: NoDenotation.owner
java.lang.AssertionError: NoDenotation.owner
	at dotty.tools.dotc.core.SymDenotations$NoDenotation$.owner(SymDenotations.scala:2499)
	at dotty.tools.dotc.semanticdb.ExtractSemanticDB$Extractor.traverse(ExtractSemanticDB.scala:188)
	at dotty.tools.dotc.ast.Trees$Instance$TreeTraverser.apply(Trees.scala:1663)
	at dotty.tools.dotc.ast.Trees$Instance$TreeTraverser.apply(Trees.scala:1663)
	at dotty.tools.dotc.ast.Trees$Instance$TreeAccumulator.foldOver(Trees.scala:1627)
	at dotty.tools.dotc.ast.Trees$Instance$TreeAccumulator.foldOver(Trees.scala:1541)
	at dotty.tools.dotc.ast.Trees$Instance$TreeTraverser.traverseChildren(Trees.scala:1664)
	at dotty.tools.dotc.semanticdb.ExtractSemanticDB$Extractor.traverse(ExtractSemanticDB.scala:176)
	at dotty.tools.dotc.semanticdb.ExtractSemanticDB$Extractor.traverse$$anonfun$1(ExtractSemanticDB.scala:140)
	at scala.runtime.function.JProcedure1.apply(JProcedure1.java:15)
	at scala.runtime.function.JProcedure1.apply(JProcedure1.java:10)
	at scala.collection.immutable.List.foreach(List.scala:333)
	at dotty.tools.dotc.semanticdb.ExtractSemanticDB$Extractor.traverse(ExtractSemanticDB.scala:140)
	at scala.meta.internal.pc.SemanticdbTextDocumentProvider.textDocument(SemanticdbTextDocumentProvider.scala:39)

Dec 06, 2022 12:47:53 AM scala.meta.internal.pc.CompilerAccess handleError
SEVERE: NoDenotation.owner
java.lang.AssertionError: NoDenotation.owner
	at dotty.tools.dotc.core.SymDenotations$NoDenotation$.owner(SymDenotations.scala:2499)
	at dotty.tools.dotc.semanticdb.ExtractSemanticDB$Extractor.traverse(ExtractSemanticDB.scala:188)
	at dotty.tools.dotc.ast.Trees$Instance$TreeTraverser.apply(Trees.scala:1663)
	at dotty.tools.dotc.ast.Trees$Instance$TreeTraverser.apply(Trees.scala:1663)
	at dotty.tools.dotc.ast.Trees$Instance$TreeAccumulator.foldOver(Trees.scala:1627)
	at dotty.tools.dotc.ast.Trees$Instance$TreeAccumulator.foldOver(Trees.scala:1541)
	at dotty.tools.dotc.ast.Trees$Instance$TreeTraverser.traverseChildren(Trees.scala:1664)
	at dotty.tools.dotc.semanticdb.ExtractSemanticDB$Extractor.traverse(ExtractSemanticDB.scala:176)
	at dotty.tools.dotc.semanticdb.ExtractSemanticDB$Extractor.traverse$$anonfun$1(ExtractSemanticDB.scala:140)
	at scala.runtime.function.JProcedure1.apply(JProcedure1.java:15)
	at scala.runtime.function.JProcedure1.apply(JProcedure1.java:10)
	at scala.collection.immutable.List.foreach(List.scala:333)
	at dotty.tools.dotc.semanticdb.ExtractSemanticDB$Extractor.traverse(ExtractSemanticDB.scala:140)
	at scala.meta.internal.pc.SemanticdbTextDocumentProvider.textDocument(SemanticdbTextDocumentProvider.scala:39)

Dec 06, 2022 12:47:53 AM scala.meta.internal.pc.CompilerAccess handleError
SEVERE: NoDenotation.owner
java.lang.AssertionError: NoDenotation.owner
	at dotty.tools.dotc.core.SymDenotations$NoDenotation$.owner(SymDenotations.scala:2499)
	at dotty.tools.dotc.semanticdb.ExtractSemanticDB$Extractor.traverse(ExtractSemanticDB.scala:188)
	at dotty.tools.dotc.ast.Trees$Instance$TreeTraverser.apply(Trees.scala:1663)
	at dotty.tools.dotc.ast.Trees$Instance$TreeTraverser.apply(Trees.scala:1663)
	at dotty.tools.dotc.ast.Trees$Instance$TreeAccumulator.foldOver(Trees.scala:1627)
	at dotty.tools.dotc.ast.Trees$Instance$TreeAccumulator.foldOver(Trees.scala:1541)
	at dotty.tools.dotc.ast.Trees$Instance$TreeTraverser.traverseChildren(Trees.scala:1664)
	at dotty.tools.dotc.semanticdb.ExtractSemanticDB$Extractor.traverse(ExtractSemanticDB.scala:176)
	at dotty.tools.dotc.semanticdb.ExtractSemanticDB$Extractor.traverse$$anonfun$1(ExtractSemanticDB.scala:140)
	at scala.runtime.function.JProcedure1.apply(JProcedure1.java:15)
	at scala.runtime.function.JProcedure1.apply(JProcedure1.java:10)
	at scala.collection.immutable.List.foreach(List.scala:333)
	at dotty.tools.dotc.semanticdb.ExtractSemanticDB$Extractor.traverse(ExtractSemanticDB.scala:140)
	at scala.meta.internal.pc.SemanticdbTextDocumentProvider.textDocument(SemanticdbTextDocumentProvider.scala:39)

Dec 06, 2022 12:47:54 AM scala.meta.internal.pc.CompilerAccess handleError
SEVERE: NoDenotation.owner
java.lang.AssertionError: NoDenotation.owner
	at dotty.tools.dotc.core.SymDenotations$NoDenotation$.owner(SymDenotations.scala:2499)
	at dotty.tools.dotc.semanticdb.ExtractSemanticDB$Extractor.traverse(ExtractSemanticDB.scala:188)
	at dotty.tools.dotc.ast.Trees$Instance$TreeTraverser.apply(Trees.scala:1663)
	at dotty.tools.dotc.ast.Trees$Instance$TreeTraverser.apply(Trees.scala:1663)
	at dotty.tools.dotc.ast.Trees$Instance$TreeAccumulator.foldOver(Trees.scala:1627)
	at dotty.tools.dotc.ast.Trees$Instance$TreeAccumulator.foldOver(Trees.scala:1541)
	at dotty.tools.dotc.ast.Trees$Instance$TreeTraverser.traverseChildren(Trees.scala:1664)
	at dotty.tools.dotc.semanticdb.ExtractSemanticDB$Extractor.traverse(ExtractSemanticDB.scala:176)
	at dotty.tools.dotc.semanticdb.ExtractSemanticDB$Extractor.traverse$$anonfun$1(ExtractSemanticDB.scala:140)
	at scala.runtime.function.JProcedure1.apply(JProcedure1.java:15)
	at scala.runtime.function.JProcedure1.apply(JProcedure1.java:10)
	at scala.collection.immutable.List.foreach(List.scala:333)
	at dotty.tools.dotc.semanticdb.ExtractSemanticDB$Extractor.traverse(ExtractSemanticDB.scala:140)
	at scala.meta.internal.pc.SemanticdbTextDocumentProvider.textDocument(SemanticdbTextDocumentProvider.scala:39)

Dec 06, 2022 12:47:59 AM scala.meta.internal.pc.CompilerAccess handleError
SEVERE: NoDenotation.owner
java.lang.AssertionError: NoDenotation.owner
	at dotty.tools.dotc.core.SymDenotations$NoDenotation$.owner(SymDenotations.scala:2499)
	at dotty.tools.dotc.semanticdb.ExtractSemanticDB$Extractor.traverse(ExtractSemanticDB.scala:188)
	at dotty.tools.dotc.ast.Trees$Instance$TreeTraverser.apply(Trees.scala:1663)
	at dotty.tools.dotc.ast.Trees$Instance$TreeTraverser.apply(Trees.scala:1663)
	at dotty.tools.dotc.ast.Trees$Instance$TreeAccumulator.foldOver(Trees.scala:1627)
	at dotty.tools.dotc.ast.Trees$Instance$TreeAccumulator.foldOver(Trees.scala:1541)
	at dotty.tools.dotc.ast.Trees$Instance$TreeTraverser.traverseChildren(Trees.scala:1664)
	at dotty.tools.dotc.semanticdb.ExtractSemanticDB$Extractor.traverse(ExtractSemanticDB.scala:176)
	at dotty.tools.dotc.semanticdb.ExtractSemanticDB$Extractor.traverse$$anonfun$1(ExtractSemanticDB.scala:140)
	at scala.runtime.function.JProcedure1.apply(JProcedure1.java:15)
	at scala.runtime.function.JProcedure1.apply(JProcedure1.java:10)
	at scala.collection.immutable.List.foreach(List.scala:333)
	at dotty.tools.dotc.semanticdb.ExtractSemanticDB$Extractor.traverse(ExtractSemanticDB.scala:140)
	at scala.meta.internal.pc.SemanticdbTextDocumentProvider.textDocument(SemanticdbTextDocumentProvider.scala:39)

Dec 06, 2022 12:48:00 AM scala.meta.internal.pc.CompilerAccess handleError
SEVERE: NoDenotation.owner
java.lang.AssertionError: NoDenotation.owner
	at dotty.tools.dotc.core.SymDenotations$NoDenotation$.owner(SymDenotations.scala:2499)
	at dotty.tools.dotc.semanticdb.ExtractSemanticDB$Extractor.traverse(ExtractSemanticDB.scala:188)
	at dotty.tools.dotc.ast.Trees$Instance$TreeTraverser.apply(Trees.scala:1663)
	at dotty.tools.dotc.ast.Trees$Instance$TreeTraverser.apply(Trees.scala:1663)
	at dotty.tools.dotc.ast.Trees$Instance$TreeAccumulator.foldOver(Trees.scala:1627)
	at dotty.tools.dotc.ast.Trees$Instance$TreeAccumulator.foldOver(Trees.scala:1541)
	at dotty.tools.dotc.ast.Trees$Instance$TreeTraverser.traverseChildren(Trees.scala:1664)
	at dotty.tools.dotc.semanticdb.ExtractSemanticDB$Extractor.traverse(ExtractSemanticDB.scala:176)
	at dotty.tools.dotc.semanticdb.ExtractSemanticDB$Extractor.traverse$$anonfun$1(ExtractSemanticDB.scala:140)
	at scala.runtime.function.JProcedure1.apply(JProcedure1.java:15)
	at scala.runtime.function.JProcedure1.apply(JProcedure1.java:10)
	at scala.collection.immutable.List.foreach(List.scala:333)
	at dotty.tools.dotc.semanticdb.ExtractSemanticDB$Extractor.traverse(ExtractSemanticDB.scala:140)
	at scala.meta.internal.pc.SemanticdbTextDocumentProvider.textDocument(SemanticdbTextDocumentProvider.scala:39)

Dec 06, 2022 12:48:01 AM scala.meta.internal.pc.CompilerAccess handleError
SEVERE: NoDenotation.owner
java.lang.AssertionError: NoDenotation.owner
	at dotty.tools.dotc.core.SymDenotations$NoDenotation$.owner(SymDenotations.scala:2499)
	at dotty.tools.dotc.semanticdb.ExtractSemanticDB$Extractor.traverse(ExtractSemanticDB.scala:188)
	at dotty.tools.dotc.ast.Trees$Instance$TreeTraverser.apply(Trees.scala:1663)
	at dotty.tools.dotc.ast.Trees$Instance$TreeTraverser.apply(Trees.scala:1663)
	at dotty.tools.dotc.ast.Trees$Instance$TreeAccumulator.foldOver(Trees.scala:1627)
	at dotty.tools.dotc.ast.Trees$Instance$TreeAccumulator.foldOver(Trees.scala:1541)
	at dotty.tools.dotc.ast.Trees$Instance$TreeTraverser.traverseChildren(Trees.scala:1664)
	at dotty.tools.dotc.semanticdb.ExtractSemanticDB$Extractor.traverse(ExtractSemanticDB.scala:176)
	at dotty.tools.dotc.semanticdb.ExtractSemanticDB$Extractor.traverse$$anonfun$1(ExtractSemanticDB.scala:140)
	at scala.runtime.function.JProcedure1.apply(JProcedure1.java:15)
	at scala.runtime.function.JProcedure1.apply(JProcedure1.java:10)
	at scala.collection.immutable.List.foreach(List.scala:333)
	at dotty.tools.dotc.semanticdb.ExtractSemanticDB$Extractor.traverse(ExtractSemanticDB.scala:140)
	at scala.meta.internal.pc.SemanticdbTextDocumentProvider.textDocument(SemanticdbTextDocumentProvider.scala:39)

Dec 06, 2022 12:48:04 AM scala.meta.internal.pc.CompilerAccess handleError
SEVERE: NoDenotation.owner
java.lang.AssertionError: NoDenotation.owner
	at dotty.tools.dotc.core.SymDenotations$NoDenotation$.owner(SymDenotations.scala:2499)
	at dotty.tools.dotc.semanticdb.ExtractSemanticDB$Extractor.traverse(ExtractSemanticDB.scala:188)
	at dotty.tools.dotc.ast.Trees$Instance$TreeTraverser.apply(Trees.scala:1663)
	at dotty.tools.dotc.ast.Trees$Instance$TreeTraverser.apply(Trees.scala:1663)
	at dotty.tools.dotc.ast.Trees$Instance$TreeAccumulator.foldOver(Trees.scala:1627)
	at dotty.tools.dotc.ast.Trees$Instance$TreeAccumulator.foldOver(Trees.scala:1541)
	at dotty.tools.dotc.ast.Trees$Instance$TreeTraverser.traverseChildren(Trees.scala:1664)
	at dotty.tools.dotc.semanticdb.ExtractSemanticDB$Extractor.traverse(ExtractSemanticDB.scala:176)
	at dotty.tools.dotc.semanticdb.ExtractSemanticDB$Extractor.traverse$$anonfun$1(ExtractSemanticDB.scala:140)
	at scala.runtime.function.JProcedure1.apply(JProcedure1.java:15)
	at scala.runtime.function.JProcedure1.apply(JProcedure1.java:10)
	at scala.collection.immutable.List.foreach(List.scala:333)
	at dotty.tools.dotc.semanticdb.ExtractSemanticDB$Extractor.traverse(ExtractSemanticDB.scala:140)
	at scala.meta.internal.pc.SemanticdbTextDocumentProvider.textDocument(SemanticdbTextDocumentProvider.scala:39)

Dec 06, 2022 12:48:05 AM scala.meta.internal.pc.CompilerAccess handleError
SEVERE: NoDenotation.owner
java.lang.AssertionError: NoDenotation.owner
	at dotty.tools.dotc.core.SymDenotations$NoDenotation$.owner(SymDenotations.scala:2499)
	at dotty.tools.dotc.semanticdb.ExtractSemanticDB$Extractor.traverse(ExtractSemanticDB.scala:188)
	at dotty.tools.dotc.ast.Trees$Instance$TreeTraverser.apply(Trees.scala:1663)
	at dotty.tools.dotc.ast.Trees$Instance$TreeTraverser.apply(Trees.scala:1663)
	at dotty.tools.dotc.ast.Trees$Instance$TreeAccumulator.foldOver(Trees.scala:1627)
	at dotty.tools.dotc.ast.Trees$Instance$TreeAccumulator.foldOver(Trees.scala:1541)
	at dotty.tools.dotc.ast.Trees$Instance$TreeTraverser.traverseChildren(Trees.scala:1664)
	at dotty.tools.dotc.semanticdb.ExtractSemanticDB$Extractor.traverse(ExtractSemanticDB.scala:176)
	at dotty.tools.dotc.semanticdb.ExtractSemanticDB$Extractor.traverse$$anonfun$1(ExtractSemanticDB.scala:140)
	at scala.runtime.function.JProcedure1.apply(JProcedure1.java:15)
	at scala.runtime.function.JProcedure1.apply(JProcedure1.java:10)
	at scala.collection.immutable.List.foreach(List.scala:333)
	at dotty.tools.dotc.semanticdb.ExtractSemanticDB$Extractor.traverse(ExtractSemanticDB.scala:140)
	at scala.meta.internal.pc.SemanticdbTextDocumentProvider.textDocument(SemanticdbTextDocumentProvider.scala:39)

Dec 06, 2022 12:48:08 AM scala.meta.internal.pc.CompilerAccess handleError
SEVERE: NoDenotation.owner
java.lang.AssertionError: NoDenotation.owner
	at dotty.tools.dotc.core.SymDenotations$NoDenotation$.owner(SymDenotations.scala:2499)
	at dotty.tools.dotc.semanticdb.ExtractSemanticDB$Extractor.traverse(ExtractSemanticDB.scala:188)
	at dotty.tools.dotc.ast.Trees$Instance$TreeTraverser.apply(Trees.scala:1663)
	at dotty.tools.dotc.ast.Trees$Instance$TreeTraverser.apply(Trees.scala:1663)
	at dotty.tools.dotc.ast.Trees$Instance$TreeAccumulator.foldOver(Trees.scala:1627)
	at dotty.tools.dotc.ast.Trees$Instance$TreeAccumulator.foldOver(Trees.scala:1541)
	at dotty.tools.dotc.ast.Trees$Instance$TreeTraverser.traverseChildren(Trees.scala:1664)
	at dotty.tools.dotc.semanticdb.ExtractSemanticDB$Extractor.traverse(ExtractSemanticDB.scala:176)
	at dotty.tools.dotc.semanticdb.ExtractSemanticDB$Extractor.traverse$$anonfun$1(ExtractSemanticDB.scala:140)
	at scala.runtime.function.JProcedure1.apply(JProcedure1.java:15)
	at scala.runtime.function.JProcedure1.apply(JProcedure1.java:10)
	at scala.collection.immutable.List.foreach(List.scala:333)
	at dotty.tools.dotc.semanticdb.ExtractSemanticDB$Extractor.traverse(ExtractSemanticDB.scala:140)
	at scala.meta.internal.pc.SemanticdbTextDocumentProvider.textDocument(SemanticdbTextDocumentProvider.scala:39)

Dec 06, 2022 12:48:12 AM scala.meta.internal.pc.CompilerAccess handleError
SEVERE: NoDenotation.owner
java.lang.AssertionError: NoDenotation.owner
	at dotty.tools.dotc.core.SymDenotations$NoDenotation$.owner(SymDenotations.scala:2499)
	at dotty.tools.dotc.semanticdb.ExtractSemanticDB$Extractor.traverse(ExtractSemanticDB.scala:188)
	at dotty.tools.dotc.ast.Trees$Instance$TreeTraverser.apply(Trees.scala:1663)
	at dotty.tools.dotc.ast.Trees$Instance$TreeTraverser.apply(Trees.scala:1663)
	at dotty.tools.dotc.ast.Trees$Instance$TreeAccumulator.foldOver(Trees.scala:1627)
	at dotty.tools.dotc.ast.Trees$Instance$TreeAccumulator.foldOver(Trees.scala:1541)
	at dotty.tools.dotc.ast.Trees$Instance$TreeTraverser.traverseChildren(Trees.scala:1664)
	at dotty.tools.dotc.semanticdb.ExtractSemanticDB$Extractor.traverse(ExtractSemanticDB.scala:176)
	at dotty.tools.dotc.semanticdb.ExtractSemanticDB$Extractor.traverse$$anonfun$1(ExtractSemanticDB.scala:140)
	at scala.runtime.function.JProcedure1.apply(JProcedure1.java:15)
	at scala.runtime.function.JProcedure1.apply(JProcedure1.java:10)
	at scala.collection.immutable.List.foreach(List.scala:333)
	at dotty.tools.dotc.semanticdb.ExtractSemanticDB$Extractor.traverse(ExtractSemanticDB.scala:140)
	at scala.meta.internal.pc.SemanticdbTextDocumentProvider.textDocument(SemanticdbTextDocumentProvider.scala:39)

Dec 06, 2022 12:48:14 AM scala.meta.internal.pc.CompilerAccess handleError
SEVERE: NoDenotation.owner
java.lang.AssertionError: NoDenotation.owner
	at dotty.tools.dotc.core.SymDenotations$NoDenotation$.owner(SymDenotations.scala:2499)
	at dotty.tools.dotc.semanticdb.ExtractSemanticDB$Extractor.traverse(ExtractSemanticDB.scala:188)
	at dotty.tools.dotc.ast.Trees$Instance$TreeTraverser.apply(Trees.scala:1663)
	at dotty.tools.dotc.ast.Trees$Instance$TreeTraverser.apply(Trees.scala:1663)
	at dotty.tools.dotc.ast.Trees$Instance$TreeAccumulator.foldOver(Trees.scala:1627)
	at dotty.tools.dotc.ast.Trees$Instance$TreeAccumulator.foldOver(Trees.scala:1541)
	at dotty.tools.dotc.ast.Trees$Instance$TreeTraverser.traverseChildren(Trees.scala:1664)
	at dotty.tools.dotc.semanticdb.ExtractSemanticDB$Extractor.traverse(ExtractSemanticDB.scala:176)
	at dotty.tools.dotc.semanticdb.ExtractSemanticDB$Extractor.traverse$$anonfun$1(ExtractSemanticDB.scala:140)
	at scala.runtime.function.JProcedure1.apply(JProcedure1.java:15)
	at scala.runtime.function.JProcedure1.apply(JProcedure1.java:10)
	at scala.collection.immutable.List.foreach(List.scala:333)
	at dotty.tools.dotc.semanticdb.ExtractSemanticDB$Extractor.traverse(ExtractSemanticDB.scala:140)
	at scala.meta.internal.pc.SemanticdbTextDocumentProvider.textDocument(SemanticdbTextDocumentProvider.scala:39)

Dec 06, 2022 12:48:15 AM scala.meta.internal.pc.CompilerAccess handleError
SEVERE: NoDenotation.owner
java.lang.AssertionError: NoDenotation.owner
	at dotty.tools.dotc.core.SymDenotations$NoDenotation$.owner(SymDenotations.scala:2499)
	at dotty.tools.dotc.semanticdb.ExtractSemanticDB$Extractor.traverse(ExtractSemanticDB.scala:188)
	at dotty.tools.dotc.ast.Trees$Instance$TreeTraverser.apply(Trees.scala:1663)
	at dotty.tools.dotc.ast.Trees$Instance$TreeTraverser.apply(Trees.scala:1663)
	at dotty.tools.dotc.ast.Trees$Instance$TreeAccumulator.foldOver(Trees.scala:1627)
	at dotty.tools.dotc.ast.Trees$Instance$TreeAccumulator.foldOver(Trees.scala:1541)
	at dotty.tools.dotc.ast.Trees$Instance$TreeTraverser.traverseChildren(Trees.scala:1664)
	at dotty.tools.dotc.semanticdb.ExtractSemanticDB$Extractor.traverse(ExtractSemanticDB.scala:176)
	at dotty.tools.dotc.semanticdb.ExtractSemanticDB$Extractor.traverse$$anonfun$1(ExtractSemanticDB.scala:140)
	at scala.runtime.function.JProcedure1.apply(JProcedure1.java:15)
	at scala.runtime.function.JProcedure1.apply(JProcedure1.java:10)
	at scala.collection.immutable.List.foreach(List.scala:333)
	at dotty.tools.dotc.semanticdb.ExtractSemanticDB$Extractor.traverse(ExtractSemanticDB.scala:140)
	at scala.meta.internal.pc.SemanticdbTextDocumentProvider.textDocument(SemanticdbTextDocumentProvider.scala:39)

Dec 06, 2022 12:48:17 AM scala.meta.internal.pc.CompilerAccess handleError
SEVERE: NoDenotation.owner
java.lang.AssertionError: NoDenotation.owner
	at dotty.tools.dotc.core.SymDenotations$NoDenotation$.owner(SymDenotations.scala:2499)
	at dotty.tools.dotc.semanticdb.ExtractSemanticDB$Extractor.traverse(ExtractSemanticDB.scala:188)
	at dotty.tools.dotc.ast.Trees$Instance$TreeTraverser.apply(Trees.scala:1663)
	at dotty.tools.dotc.ast.Trees$Instance$TreeTraverser.apply(Trees.scala:1663)
	at dotty.tools.dotc.ast.Trees$Instance$TreeAccumulator.foldOver(Trees.scala:1627)
	at dotty.tools.dotc.ast.Trees$Instance$TreeAccumulator.foldOver(Trees.scala:1541)
	at dotty.tools.dotc.ast.Trees$Instance$TreeTraverser.traverseChildren(Trees.scala:1664)
	at dotty.tools.dotc.semanticdb.ExtractSemanticDB$Extractor.traverse(ExtractSemanticDB.scala:176)
	at dotty.tools.dotc.semanticdb.ExtractSemanticDB$Extractor.traverse$$anonfun$1(ExtractSemanticDB.scala:140)
	at scala.runtime.function.JProcedure1.apply(JProcedure1.java:15)
	at scala.runtime.function.JProcedure1.apply(JProcedure1.java:10)
	at scala.collection.immutable.List.foreach(List.scala:333)
	at dotty.tools.dotc.semanticdb.ExtractSemanticDB$Extractor.traverse(ExtractSemanticDB.scala:140)
	at scala.meta.internal.pc.SemanticdbTextDocumentProvider.textDocument(SemanticdbTextDocumentProvider.scala:39)

Dec 06, 2022 12:48:26 AM scala.meta.internal.pc.CompilerAccess handleError
SEVERE: NoDenotation.owner
java.lang.AssertionError: NoDenotation.owner
	at dotty.tools.dotc.core.SymDenotations$NoDenotation$.owner(SymDenotations.scala:2499)
	at dotty.tools.dotc.semanticdb.ExtractSemanticDB$Extractor.traverse(ExtractSemanticDB.scala:188)
	at dotty.tools.dotc.ast.Trees$Instance$TreeTraverser.apply(Trees.scala:1663)
	at dotty.tools.dotc.ast.Trees$Instance$TreeTraverser.apply(Trees.scala:1663)
	at dotty.tools.dotc.ast.Trees$Instance$TreeAccumulator.foldOver(Trees.scala:1627)
	at dotty.tools.dotc.ast.Trees$Instance$TreeAccumulator.foldOver(Trees.scala:1541)
	at dotty.tools.dotc.ast.Trees$Instance$TreeTraverser.traverseChildren(Trees.scala:1664)
	at dotty.tools.dotc.semanticdb.ExtractSemanticDB$Extractor.traverse(ExtractSemanticDB.scala:176)
	at dotty.tools.dotc.semanticdb.ExtractSemanticDB$Extractor.traverse$$anonfun$1(ExtractSemanticDB.scala:140)
	at scala.runtime.function.JProcedure1.apply(JProcedure1.java:15)
	at scala.runtime.function.JProcedure1.apply(JProcedure1.java:10)
	at scala.collection.immutable.List.foreach(List.scala:333)
	at dotty.tools.dotc.semanticdb.ExtractSemanticDB$Extractor.traverse(ExtractSemanticDB.scala:140)
	at scala.meta.internal.pc.SemanticdbTextDocumentProvider.textDocument(SemanticdbTextDocumentProvider.scala:39)

Dec 06, 2022 12:48:30 AM scala.meta.internal.pc.CompilerAccess handleError
SEVERE: NoDenotation.owner
java.lang.AssertionError: NoDenotation.owner
	at dotty.tools.dotc.core.SymDenotations$NoDenotation$.owner(SymDenotations.scala:2499)
	at dotty.tools.dotc.semanticdb.ExtractSemanticDB$Extractor.traverse(ExtractSemanticDB.scala:188)
	at dotty.tools.dotc.ast.Trees$Instance$TreeTraverser.apply(Trees.scala:1663)
	at dotty.tools.dotc.ast.Trees$Instance$TreeTraverser.apply(Trees.scala:1663)
	at dotty.tools.dotc.ast.Trees$Instance$TreeAccumulator.foldOver(Trees.scala:1627)
	at dotty.tools.dotc.ast.Trees$Instance$TreeAccumulator.foldOver(Trees.scala:1541)
	at dotty.tools.dotc.ast.Trees$Instance$TreeTraverser.traverseChildren(Trees.scala:1664)
	at dotty.tools.dotc.semanticdb.ExtractSemanticDB$Extractor.traverse(ExtractSemanticDB.scala:176)
	at dotty.tools.dotc.semanticdb.ExtractSemanticDB$Extractor.traverse$$anonfun$1(ExtractSemanticDB.scala:140)
	at scala.runtime.function.JProcedure1.apply(JProcedure1.java:15)
	at scala.runtime.function.JProcedure1.apply(JProcedure1.java:10)
	at scala.collection.immutable.List.foreach(List.scala:333)
	at dotty.tools.dotc.semanticdb.ExtractSemanticDB$Extractor.traverse(ExtractSemanticDB.scala:140)
	at scala.meta.internal.pc.SemanticdbTextDocumentProvider.textDocument(SemanticdbTextDocumentProvider.scala:39)

Dec 06, 2022 12:48:38 AM scala.meta.internal.pc.CompilerAccess handleError
SEVERE: NoDenotation.owner
java.lang.AssertionError: NoDenotation.owner
	at dotty.tools.dotc.core.SymDenotations$NoDenotation$.owner(SymDenotations.scala:2499)
	at dotty.tools.dotc.semanticdb.ExtractSemanticDB$Extractor.traverse(ExtractSemanticDB.scala:188)
	at dotty.tools.dotc.ast.Trees$Instance$TreeTraverser.apply(Trees.scala:1663)
	at dotty.tools.dotc.ast.Trees$Instance$TreeTraverser.apply(Trees.scala:1663)
	at dotty.tools.dotc.ast.Trees$Instance$TreeAccumulator.foldOver(Trees.scala:1627)
	at dotty.tools.dotc.ast.Trees$Instance$TreeAccumulator.foldOver(Trees.scala:1541)
	at dotty.tools.dotc.ast.Trees$Instance$TreeTraverser.traverseChildren(Trees.scala:1664)
	at dotty.tools.dotc.semanticdb.ExtractSemanticDB$Extractor.traverse(ExtractSemanticDB.scala:176)
	at dotty.tools.dotc.semanticdb.ExtractSemanticDB$Extractor.traverse$$anonfun$1(ExtractSemanticDB.scala:140)
	at scala.runtime.function.JProcedure1.apply(JProcedure1.java:15)
	at scala.runtime.function.JProcedure1.apply(JProcedure1.java:10)
	at scala.collection.immutable.List.foreach(List.scala:333)
	at dotty.tools.dotc.semanticdb.ExtractSemanticDB$Extractor.traverse(ExtractSemanticDB.scala:140)
	at scala.meta.internal.pc.SemanticdbTextDocumentProvider.textDocument(SemanticdbTextDocumentProvider.scala:39)

Dec 06, 2022 12:48:38 AM scala.meta.internal.pc.CompilerAccess handleError
SEVERE: NoDenotation.owner
java.lang.AssertionError: NoDenotation.owner
	at dotty.tools.dotc.core.SymDenotations$NoDenotation$.owner(SymDenotations.scala:2499)
	at dotty.tools.dotc.semanticdb.ExtractSemanticDB$Extractor.traverse(ExtractSemanticDB.scala:188)
	at dotty.tools.dotc.ast.Trees$Instance$TreeTraverser.apply(Trees.scala:1663)
	at dotty.tools.dotc.ast.Trees$Instance$TreeTraverser.apply(Trees.scala:1663)
	at dotty.tools.dotc.ast.Trees$Instance$TreeAccumulator.foldOver(Trees.scala:1627)
	at dotty.tools.dotc.ast.Trees$Instance$TreeAccumulator.foldOver(Trees.scala:1541)
	at dotty.tools.dotc.ast.Trees$Instance$TreeTraverser.traverseChildren(Trees.scala:1664)
	at dotty.tools.dotc.semanticdb.ExtractSemanticDB$Extractor.traverse(ExtractSemanticDB.scala:176)
	at dotty.tools.dotc.semanticdb.ExtractSemanticDB$Extractor.traverse$$anonfun$1(ExtractSemanticDB.scala:140)
	at scala.runtime.function.JProcedure1.apply(JProcedure1.java:15)
	at scala.runtime.function.JProcedure1.apply(JProcedure1.java:10)
	at scala.collection.immutable.List.foreach(List.scala:333)
	at dotty.tools.dotc.semanticdb.ExtractSemanticDB$Extractor.traverse(ExtractSemanticDB.scala:140)
	at scala.meta.internal.pc.SemanticdbTextDocumentProvider.textDocument(SemanticdbTextDocumentProvider.scala:39)

Dec 06, 2022 12:48:39 AM scala.meta.internal.pc.CompilerAccess handleError
SEVERE: NoDenotation.owner
java.lang.AssertionError: NoDenotation.owner
	at dotty.tools.dotc.core.SymDenotations$NoDenotation$.owner(SymDenotations.scala:2499)
	at dotty.tools.dotc.semanticdb.ExtractSemanticDB$Extractor.traverse(ExtractSemanticDB.scala:188)
	at dotty.tools.dotc.ast.Trees$Instance$TreeTraverser.apply(Trees.scala:1663)
	at dotty.tools.dotc.ast.Trees$Instance$TreeTraverser.apply(Trees.scala:1663)
	at dotty.tools.dotc.ast.Trees$Instance$TreeAccumulator.foldOver(Trees.scala:1627)
	at dotty.tools.dotc.ast.Trees$Instance$TreeAccumulator.foldOver(Trees.scala:1541)
	at dotty.tools.dotc.ast.Trees$Instance$TreeTraverser.traverseChildren(Trees.scala:1664)
	at dotty.tools.dotc.semanticdb.ExtractSemanticDB$Extractor.traverse(ExtractSemanticDB.scala:176)
	at dotty.tools.dotc.semanticdb.ExtractSemanticDB$Extractor.traverse$$anonfun$1(ExtractSemanticDB.scala:140)
	at scala.runtime.function.JProcedure1.apply(JProcedure1.java:15)
	at scala.runtime.function.JProcedure1.apply(JProcedure1.java:10)
	at scala.collection.immutable.List.foreach(List.scala:333)
	at dotty.tools.dotc.semanticdb.ExtractSemanticDB$Extractor.traverse(ExtractSemanticDB.scala:140)
	at scala.meta.internal.pc.SemanticdbTextDocumentProvider.textDocument(SemanticdbTextDocumentProvider.scala:39)

Dec 06, 2022 12:48:39 AM scala.meta.internal.pc.CompilerAccess handleError
SEVERE: NoDenotation.owner
java.lang.AssertionError: NoDenotation.owner
	at dotty.tools.dotc.core.SymDenotations$NoDenotation$.owner(SymDenotations.scala:2499)
	at dotty.tools.dotc.semanticdb.ExtractSemanticDB$Extractor.traverse(ExtractSemanticDB.scala:188)
	at dotty.tools.dotc.ast.Trees$Instance$TreeTraverser.apply(Trees.scala:1663)
	at dotty.tools.dotc.ast.Trees$Instance$TreeTraverser.apply(Trees.scala:1663)
	at dotty.tools.dotc.ast.Trees$Instance$TreeAccumulator.foldOver(Trees.scala:1627)
	at dotty.tools.dotc.ast.Trees$Instance$TreeAccumulator.foldOver(Trees.scala:1541)
	at dotty.tools.dotc.ast.Trees$Instance$TreeTraverser.traverseChildren(Trees.scala:1664)
	at dotty.tools.dotc.semanticdb.ExtractSemanticDB$Extractor.traverse(ExtractSemanticDB.scala:176)
	at dotty.tools.dotc.semanticdb.ExtractSemanticDB$Extractor.traverse$$anonfun$1(ExtractSemanticDB.scala:140)
	at scala.runtime.function.JProcedure1.apply(JProcedure1.java:15)
	at scala.runtime.function.JProcedure1.apply(JProcedure1.java:10)
	at scala.collection.immutable.List.foreach(List.scala:333)
	at dotty.tools.dotc.semanticdb.ExtractSemanticDB$Extractor.traverse(ExtractSemanticDB.scala:140)
	at scala.meta.internal.pc.SemanticdbTextDocumentProvider.textDocument(SemanticdbTextDocumentProvider.scala:39)

Dec 06, 2022 12:48:44 AM scala.meta.internal.pc.CompilerAccess handleError
SEVERE: NoDenotation.owner
java.lang.AssertionError: NoDenotation.owner
	at dotty.tools.dotc.core.SymDenotations$NoDenotation$.owner(SymDenotations.scala:2499)
	at dotty.tools.dotc.semanticdb.ExtractSemanticDB$Extractor.traverse(ExtractSemanticDB.scala:188)
	at dotty.tools.dotc.ast.Trees$Instance$TreeTraverser.apply(Trees.scala:1663)
	at dotty.tools.dotc.ast.Trees$Instance$TreeTraverser.apply(Trees.scala:1663)
	at dotty.tools.dotc.ast.Trees$Instance$TreeAccumulator.foldOver(Trees.scala:1627)
	at dotty.tools.dotc.ast.Trees$Instance$TreeAccumulator.foldOver(Trees.scala:1541)
	at dotty.tools.dotc.ast.Trees$Instance$TreeTraverser.traverseChildren(Trees.scala:1664)
	at dotty.tools.dotc.semanticdb.ExtractSemanticDB$Extractor.traverse(ExtractSemanticDB.scala:176)
	at dotty.tools.dotc.semanticdb.ExtractSemanticDB$Extractor.traverse$$anonfun$1(ExtractSemanticDB.scala:140)
	at scala.runtime.function.JProcedure1.apply(JProcedure1.java:15)
	at scala.runtime.function.JProcedure1.apply(JProcedure1.java:10)
	at scala.collection.immutable.List.foreach(List.scala:333)
	at dotty.tools.dotc.semanticdb.ExtractSemanticDB$Extractor.traverse(ExtractSemanticDB.scala:140)
	at scala.meta.internal.pc.SemanticdbTextDocumentProvider.textDocument(SemanticdbTextDocumentProvider.scala:39)

Dec 06, 2022 12:48:45 AM scala.meta.internal.pc.CompilerAccess handleError
SEVERE: NoDenotation.owner
java.lang.AssertionError: NoDenotation.owner
	at dotty.tools.dotc.core.SymDenotations$NoDenotation$.owner(SymDenotations.scala:2499)
	at dotty.tools.dotc.semanticdb.ExtractSemanticDB$Extractor.traverse(ExtractSemanticDB.scala:188)
	at dotty.tools.dotc.ast.Trees$Instance$TreeTraverser.apply(Trees.scala:1663)
	at dotty.tools.dotc.ast.Trees$Instance$TreeTraverser.apply(Trees.scala:1663)
	at dotty.tools.dotc.ast.Trees$Instance$TreeAccumulator.foldOver(Trees.scala:1627)
	at dotty.tools.dotc.ast.Trees$Instance$TreeAccumulator.foldOver(Trees.scala:1541)
	at dotty.tools.dotc.ast.Trees$Instance$TreeTraverser.traverseChildren(Trees.scala:1664)
	at dotty.tools.dotc.semanticdb.ExtractSemanticDB$Extractor.traverse(ExtractSemanticDB.scala:176)
	at dotty.tools.dotc.semanticdb.ExtractSemanticDB$Extractor.traverse$$anonfun$1(ExtractSemanticDB.scala:140)
	at scala.runtime.function.JProcedure1.apply(JProcedure1.java:15)
	at scala.runtime.function.JProcedure1.apply(JProcedure1.java:10)
	at scala.collection.immutable.List.foreach(List.scala:333)
	at dotty.tools.dotc.semanticdb.ExtractSemanticDB$Extractor.traverse(ExtractSemanticDB.scala:140)
	at scala.meta.internal.pc.SemanticdbTextDocumentProvider.textDocument(SemanticdbTextDocumentProvider.scala:39)

Dec 06, 2022 12:48:45 AM scala.meta.internal.pc.CompilerAccess handleError
SEVERE: NoDenotation.owner
java.lang.AssertionError: NoDenotation.owner
	at dotty.tools.dotc.core.SymDenotations$NoDenotation$.owner(SymDenotations.scala:2499)
	at dotty.tools.dotc.semanticdb.ExtractSemanticDB$Extractor.traverse(ExtractSemanticDB.scala:188)
	at dotty.tools.dotc.ast.Trees$Instance$TreeTraverser.apply(Trees.scala:1663)
	at dotty.tools.dotc.ast.Trees$Instance$TreeTraverser.apply(Trees.scala:1663)
	at dotty.tools.dotc.ast.Trees$Instance$TreeAccumulator.foldOver(Trees.scala:1627)
	at dotty.tools.dotc.ast.Trees$Instance$TreeAccumulator.foldOver(Trees.scala:1541)
	at dotty.tools.dotc.ast.Trees$Instance$TreeTraverser.traverseChildren(Trees.scala:1664)
	at dotty.tools.dotc.semanticdb.ExtractSemanticDB$Extractor.traverse(ExtractSemanticDB.scala:176)
	at dotty.tools.dotc.semanticdb.ExtractSemanticDB$Extractor.traverse$$anonfun$1(ExtractSemanticDB.scala:140)
	at scala.runtime.function.JProcedure1.apply(JProcedure1.java:15)
	at scala.runtime.function.JProcedure1.apply(JProcedure1.java:10)
	at scala.collection.immutable.List.foreach(List.scala:333)
	at dotty.tools.dotc.semanticdb.ExtractSemanticDB$Extractor.traverse(ExtractSemanticDB.scala:140)
	at scala.meta.internal.pc.SemanticdbTextDocumentProvider.textDocument(SemanticdbTextDocumentProvider.scala:39)

Dec 06, 2022 12:48:46 AM scala.meta.internal.pc.CompilerAccess handleError
SEVERE: NoDenotation.owner
java.lang.AssertionError: NoDenotation.owner
	at dotty.tools.dotc.core.SymDenotations$NoDenotation$.owner(SymDenotations.scala:2499)
	at dotty.tools.dotc.semanticdb.ExtractSemanticDB$Extractor.traverse(ExtractSemanticDB.scala:188)
	at dotty.tools.dotc.ast.Trees$Instance$TreeTraverser.apply(Trees.scala:1663)
	at dotty.tools.dotc.ast.Trees$Instance$TreeTraverser.apply(Trees.scala:1663)
	at dotty.tools.dotc.ast.Trees$Instance$TreeAccumulator.foldOver(Trees.scala:1627)
	at dotty.tools.dotc.ast.Trees$Instance$TreeAccumulator.foldOver(Trees.scala:1541)
	at dotty.tools.dotc.ast.Trees$Instance$TreeTraverser.traverseChildren(Trees.scala:1664)
	at dotty.tools.dotc.semanticdb.ExtractSemanticDB$Extractor.traverse(ExtractSemanticDB.scala:176)
	at dotty.tools.dotc.semanticdb.ExtractSemanticDB$Extractor.traverse$$anonfun$1(ExtractSemanticDB.scala:140)
	at scala.runtime.function.JProcedure1.apply(JProcedure1.java:15)
	at scala.runtime.function.JProcedure1.apply(JProcedure1.java:10)
	at scala.collection.immutable.List.foreach(List.scala:333)
	at dotty.tools.dotc.semanticdb.ExtractSemanticDB$Extractor.traverse(ExtractSemanticDB.scala:140)
	at scala.meta.internal.pc.SemanticdbTextDocumentProvider.textDocument(SemanticdbTextDocumentProvider.scala:39)

Dec 06, 2022 12:48:47 AM scala.meta.internal.pc.CompilerAccess handleError
SEVERE: NoDenotation.owner
java.lang.AssertionError: NoDenotation.owner
	at dotty.tools.dotc.core.SymDenotations$NoDenotation$.owner(SymDenotations.scala:2499)
	at dotty.tools.dotc.semanticdb.ExtractSemanticDB$Extractor.traverse(ExtractSemanticDB.scala:188)
	at dotty.tools.dotc.ast.Trees$Instance$TreeTraverser.apply(Trees.scala:1663)
	at dotty.tools.dotc.ast.Trees$Instance$TreeTraverser.apply(Trees.scala:1663)
	at dotty.tools.dotc.ast.Trees$Instance$TreeAccumulator.foldOver(Trees.scala:1627)
	at dotty.tools.dotc.ast.Trees$Instance$TreeAccumulator.foldOver(Trees.scala:1541)
	at dotty.tools.dotc.ast.Trees$Instance$TreeTraverser.traverseChildren(Trees.scala:1664)
	at dotty.tools.dotc.semanticdb.ExtractSemanticDB$Extractor.traverse(ExtractSemanticDB.scala:176)
	at dotty.tools.dotc.semanticdb.ExtractSemanticDB$Extractor.traverse$$anonfun$1(ExtractSemanticDB.scala:140)
	at scala.runtime.function.JProcedure1.apply(JProcedure1.java:15)
	at scala.runtime.function.JProcedure1.apply(JProcedure1.java:10)
	at scala.collection.immutable.List.foreach(List.scala:333)
	at dotty.tools.dotc.semanticdb.ExtractSemanticDB$Extractor.traverse(ExtractSemanticDB.scala:140)
	at scala.meta.internal.pc.SemanticdbTextDocumentProvider.textDocument(SemanticdbTextDocumentProvider.scala:39)

Dec 06, 2022 12:48:48 AM scala.meta.internal.pc.CompilerAccess handleError
SEVERE: NoDenotation.owner
java.lang.AssertionError: NoDenotation.owner
	at dotty.tools.dotc.core.SymDenotations$NoDenotation$.owner(SymDenotations.scala:2499)
	at dotty.tools.dotc.semanticdb.ExtractSemanticDB$Extractor.traverse(ExtractSemanticDB.scala:188)
	at dotty.tools.dotc.ast.Trees$Instance$TreeTraverser.apply(Trees.scala:1663)
	at dotty.tools.dotc.ast.Trees$Instance$TreeTraverser.apply(Trees.scala:1663)
	at dotty.tools.dotc.ast.Trees$Instance$TreeAccumulator.foldOver(Trees.scala:1627)
	at dotty.tools.dotc.ast.Trees$Instance$TreeAccumulator.foldOver(Trees.scala:1541)
	at dotty.tools.dotc.ast.Trees$Instance$TreeTraverser.traverseChildren(Trees.scala:1664)
	at dotty.tools.dotc.semanticdb.ExtractSemanticDB$Extractor.traverse(ExtractSemanticDB.scala:176)
	at dotty.tools.dotc.semanticdb.ExtractSemanticDB$Extractor.traverse$$anonfun$1(ExtractSemanticDB.scala:140)
	at scala.runtime.function.JProcedure1.apply(JProcedure1.java:15)
	at scala.runtime.function.JProcedure1.apply(JProcedure1.java:10)
	at scala.collection.immutable.List.foreach(List.scala:333)
	at dotty.tools.dotc.semanticdb.ExtractSemanticDB$Extractor.traverse(ExtractSemanticDB.scala:140)
	at scala.meta.internal.pc.SemanticdbTextDocumentProvider.textDocument(SemanticdbTextDocumentProvider.scala:39)

Dec 06, 2022 12:48:49 AM scala.meta.internal.pc.CompilerAccess handleError
SEVERE: NoDenotation.owner
java.lang.AssertionError: NoDenotation.owner
	at dotty.tools.dotc.core.SymDenotations$NoDenotation$.owner(SymDenotations.scala:2499)
	at dotty.tools.dotc.semanticdb.ExtractSemanticDB$Extractor.traverse(ExtractSemanticDB.scala:188)
	at dotty.tools.dotc.ast.Trees$Instance$TreeTraverser.apply(Trees.scala:1663)
	at dotty.tools.dotc.ast.Trees$Instance$TreeTraverser.apply(Trees.scala:1663)
	at dotty.tools.dotc.ast.Trees$Instance$TreeAccumulator.foldOver(Trees.scala:1627)
	at dotty.tools.dotc.ast.Trees$Instance$TreeAccumulator.foldOver(Trees.scala:1541)
	at dotty.tools.dotc.ast.Trees$Instance$TreeTraverser.traverseChildren(Trees.scala:1664)
	at dotty.tools.dotc.semanticdb.ExtractSemanticDB$Extractor.traverse(ExtractSemanticDB.scala:176)
	at dotty.tools.dotc.semanticdb.ExtractSemanticDB$Extractor.traverse$$anonfun$1(ExtractSemanticDB.scala:140)
	at scala.runtime.function.JProcedure1.apply(JProcedure1.java:15)
	at scala.runtime.function.JProcedure1.apply(JProcedure1.java:10)
	at scala.collection.immutable.List.foreach(List.scala:333)
	at dotty.tools.dotc.semanticdb.ExtractSemanticDB$Extractor.traverse(ExtractSemanticDB.scala:140)
	at scala.meta.internal.pc.SemanticdbTextDocumentProvider.textDocument(SemanticdbTextDocumentProvider.scala:39)

2022.12.06 00:48:50 WARN  no build target for: /home/justin/Documents/CodeProjects/Capibara-Tools/website/capibara-website-server/app/model/CapibaraModel.scala
2022.12.06 00:49:33 ERROR scalafmt: /home/justin/Documents/CodeProjects/Capibara-Tools/website/capibara-website-server/app/model/CapibaraModel.scala:1: error: [dialect scala213] expected start of definition
implicit documentReads = Json.reads[Document];
         ^
2022.12.06 00:49:33 WARN  no build target for: /home/justin/Documents/CodeProjects/Capibara-Tools/website/capibara-website-server/app/model/CapibaraModel.scala
2022.12.06 00:49:36 ERROR scalafmt: /home/justin/Documents/CodeProjects/Capibara-Tools/website/capibara-website-server/app/model/CapibaraModel.scala:1: error: [dialect scala213] expected start of definition
implicit val documentReads = Json.reads[Document];
         ^
2022.12.06 00:49:36 WARN  no build target for: /home/justin/Documents/CodeProjects/Capibara-Tools/website/capibara-website-server/app/model/CapibaraModel.scala
2022.12.06 00:49:41 WARN  no build target for: /home/justin/Documents/CodeProjects/Capibara-Tools/website/capibara-website-server/app/model/CapibaraModel.scala
Exception in thread "pool-3-thread-1" java.lang.InterruptedException
	at scala.meta.internal.metals.FutureCancelToken.checkCanceled(FutureCancelToken.scala:29)
	at scala.meta.internal.pc.CompilerAccess.onCompilerJobQueue$$anonfun$1(CompilerAccess.scala:195)
	at scala.meta.internal.pc.CompilerJobQueue$Job.run(CompilerJobQueue.scala:152)
	at java.base/java.util.concurrent.ThreadPoolExecutor.runWorker(ThreadPoolExecutor.java:1128)
	at java.base/java.util.concurrent.ThreadPoolExecutor$Worker.run(ThreadPoolExecutor.java:628)
	at java.base/java.lang.Thread.run(Thread.java:829)
2022.12.06 00:49:41 WARN  no build target for: /home/justin/Documents/CodeProjects/Capibara-Tools/website/capibara-website-server/app/model/CapibaraModel.scala
2022.12.06 00:50:26 ERROR scalafmt: /home/justin/Documents/CodeProjects/Capibara-Tools/website/capibara-website-server/app/model/CapibaraModel.scala:1: error: [dialect scala213] expected start of definition
implicit val documentReads = Json.reads[Document];
         ^
2022.12.06 00:50:26 WARN  no build target for: /home/justin/Documents/CodeProjects/Capibara-Tools/website/capibara-website-server/app/model/CapibaraModel.scala
2022.12.06 00:50:41 WARN  no build target for: /home/justin/Documents/CodeProjects/Capibara-Tools/website/capibara-website-server/app/model/CapibaraModel.scala
2022.12.06 00:50:41 WARN  no build target for: /home/justin/Documents/CodeProjects/Capibara-Tools/website/capibara-website-server/app/model/CapibaraModel.scala
2022.12.06 00:50:41 WARN  no build target for: /home/justin/Documents/CodeProjects/Capibara-Tools/website/capibara-website-server/app/model/CapibaraModel.scala
2022.12.06 00:50:43 WARN  no build target for: /home/justin/Documents/CodeProjects/Capibara-Tools/website/capibara-website-server/app/model/CapibaraModel.scala
2022.12.06 00:50:43 WARN  no build target for: /home/justin/Documents/CodeProjects/Capibara-Tools/website/capibara-website-server/app/model/CapibaraModel.scala
2022.12.06 00:50:46 ERROR scalafmt: /home/justin/Documents/CodeProjects/Capibara-Tools/website/capibara-website-server/app/model/CapibaraModel.scala:1: error: [dialect scala213] expected start of definition
implicit val documentReads = Json.reads[Document];
         ^
2022.12.06 00:50:46 WARN  no build target for: /home/justin/Documents/CodeProjects/Capibara-Tools/website/capibara-website-server/app/model/CapibaraModel.scala
2022.12.06 00:52:18 WARN  no build target for: /home/justin/Documents/CodeProjects/Capibara-Tools/website/capibara-website-server/app/controllers/v1/CapibaraController.scala
2022.12.06 00:52:28 WARN  no build target for: /home/justin/Documents/CodeProjects/Capibara-Tools/website/capibara-website-server/app/controllers/v1/CapibaraController.scala
2022.12.06 00:52:31 WARN  no build target for: /home/justin/Documents/CodeProjects/Capibara-Tools/website/capibara-website-server/app/controllers/v1/CapibaraController.scala
2022.12.06 00:52:33 WARN  no build target for: /home/justin/Documents/CodeProjects/Capibara-Tools/website/capibara-website-server/app/controllers/v1/CapibaraController.scala
2022.12.06 00:52:49 WARN  no build target for: /home/justin/Documents/CodeProjects/Capibara-Tools/website/capibara-website-server/app/controllers/v1/CapibaraController.scala
2022.12.06 00:53:08 WARN  no build target for: /home/justin/Documents/CodeProjects/Capibara-Tools/website/capibara-website-server/app/controllers/v1/CapibaraController.scala
2022.12.06 00:53:21 WARN  no build target for: /home/justin/Documents/CodeProjects/Capibara-Tools/website/capibara-website-server/app/controllers/v1/CapibaraController.scala
2022.12.06 00:53:43 WARN  no build target for: /home/justin/Documents/CodeProjects/Capibara-Tools/website/capibara-website-server/app/controllers/v1/CapibaraController.scala
2022.12.06 00:56:03 WARN  no build target for: /home/justin/Documents/CodeProjects/Capibara-Tools/website/capibara-website-server/app/model/CapibaraModel.scala
2022.12.06 00:56:04 WARN  no build target for: /home/justin/Documents/CodeProjects/Capibara-Tools/website/capibara-website-server/app/model/CapibaraModel.scala
2022.12.06 00:56:21 ERROR scalafmt: /home/justin/Documents/CodeProjects/Capibara-Tools/website/capibara-website-server/app/controllers/v1/CapibaraController.scala:12: error: [dialect scala213] . expected but \n\n found
  */
    ^
2022.12.06 00:56:21 WARN  no build target for: /home/justin/Documents/CodeProjects/Capibara-Tools/website/capibara-website-server/app/controllers/v1/CapibaraController.scala
2022.12.06 00:56:23 ERROR scalafmt: /home/justin/Documents/CodeProjects/Capibara-Tools/website/capibara-website-server/app/controllers/v1/CapibaraController.scala:8: error: [dialect scala213] . expected but ; found
import CapibaraImplicits;
                        ^
2022.12.06 00:56:23 WARN  no build target for: /home/justin/Documents/CodeProjects/Capibara-Tools/website/capibara-website-server/app/controllers/v1/CapibaraController.scala
2022.12.06 00:56:30 WARN  no build target for: /home/justin/Documents/CodeProjects/Capibara-Tools/website/capibara-website-server/app/controllers/v1/CapibaraController.scala
2022.12.06 00:56:51 WARN  no build target for: /home/justin/Documents/CodeProjects/Capibara-Tools/website/capibara-website-server/app/controllers/v1/CapibaraController.scala
2022.12.06 00:57:14 WARN  no build target for: /home/justin/Documents/CodeProjects/Capibara-Tools/website/capibara-website-server/app/controllers/v1/CapibaraController.scala
2022.12.06 00:57:20 WARN  no build target for: /home/justin/Documents/CodeProjects/Capibara-Tools/website/capibara-website-server/app/controllers/v1/CapibaraController.scala
2022.12.06 00:57:26 WARN  no build target for: /home/justin/Documents/CodeProjects/Capibara-Tools/website/capibara-website-server/app/model/CapibaraModel.scala
2022.12.06 00:57:30 WARN  no build target for: /home/justin/Documents/CodeProjects/Capibara-Tools/website/capibara-website-server/app/model/CapibaraModel.scala
2022.12.06 00:57:31 WARN  no build target for: /home/justin/Documents/CodeProjects/Capibara-Tools/website/capibara-website-server/app/model/CapibaraModel.scala
2022.12.06 00:57:35 WARN  no build target for: /home/justin/Documents/CodeProjects/Capibara-Tools/website/capibara-website-server/app/model/CapibaraModel.scala
2022.12.06 00:57:39 WARN  no build target for: /home/justin/Documents/CodeProjects/Capibara-Tools/website/capibara-website-server/app/controllers/v1/CapibaraController.scala
2022.12.06 00:58:42 WARN  no build target for: /home/justin/Documents/CodeProjects/Capibara-Tools/website/capibara-website-server/app/controllers/v1/CapibaraController.scala
2022.12.06 00:58:43 WARN  no build target for: /home/justin/Documents/CodeProjects/Capibara-Tools/website/capibara-website-server/app/controllers/v1/CapibaraController.scala
2022.12.06 00:59:58 WARN  no build target for: /home/justin/Documents/CodeProjects/Capibara-Tools/website/capibara-website-server/app/controllers/v1/CapibaraController.scala
2022.12.06 01:00:04 WARN  no build target for: /home/justin/Documents/CodeProjects/Capibara-Tools/website/capibara-website-server/app/models/CapibaraModel.scala
2022.12.06 01:00:04 WARN  no build target for: /home/justin/Documents/CodeProjects/Capibara-Tools/website/capibara-website-server/app/controllers/v1/CapibaraController.scala
2022.12.06 01:00:15 WARN  no build target for: /home/justin/Documents/CodeProjects/Capibara-Tools/website/capibara-website-server/app/controllers/v1/CapibaraController.scala
2022.12.06 01:00:15 WARN  no build target for: /home/justin/Documents/CodeProjects/Capibara-Tools/website/capibara-website-server/app/controllers/v1/CapibaraController.scala
2022.12.06 01:00:48 WARN  no build target for: /home/justin/Documents/CodeProjects/Capibara-Tools/website/capibara-website-server/app/controllers/v1/CapibaraController.scala
2022.12.06 01:01:26 WARN  no build target for: /home/justin/Documents/CodeProjects/Capibara-Tools/website/capibara-website-server/app/models/CapibaraModel.scala
2022.12.06 01:01:43 WARN  no build target for: /home/justin/Documents/CodeProjects/Capibara-Tools/website/capibara-website-server/app/controllers/v1/CapibaraController.scala
2022.12.06 01:02:22 WARN  no build target for: /home/justin/Documents/CodeProjects/Capibara-Tools/website/capibara-website-server/app/models/CapibaraDocument.scala
2022.12.06 01:02:23 WARN  no build target for: /home/justin/Documents/CodeProjects/Capibara-Tools/website/capibara-website-server/app/models/CapibaraDocument.scala
2022.12.06 01:02:36 WARN  no build target for: /home/justin/Documents/CodeProjects/Capibara-Tools/website/capibara-website-server/app/models/CapibaraDocument.scala
2022.12.06 01:03:12 WARN  no build target for: /home/justin/Documents/CodeProjects/Capibara-Tools/website/capibara-website-server/app/models/CapibaraDocument.scala
2022.12.06 01:04:06 WARN  no build target for: /home/justin/Documents/CodeProjects/Capibara-Tools/website/capibara-website-server/app/models/CapibaraDocument.scala
2022.12.06 01:04:20 WARN  no build target for: /home/justin/Documents/CodeProjects/Capibara-Tools/website/capibara-website-server/app/models/CapibaraDocument.scala
2022.12.06 01:04:45 WARN  no build target for: /home/justin/Documents/CodeProjects/Capibara-Tools/website/capibara-website-server/app/controllers/v1/CapibaraController.scala
2022.12.06 01:05:05 WARN  no build target for: /home/justin/Documents/CodeProjects/Capibara-Tools/website/capibara-website-server/app/controllers/v1/CapibaraController.scala
2022.12.06 01:06:48 WARN  no build target for: /home/justin/Documents/CodeProjects/Capibara-Tools/website/capibara-website-server/app/controllers/v1/CapibaraController.scala
2022.12.06 01:07:05 WARN  no build target for: /home/justin/Documents/CodeProjects/Capibara-Tools/website/capibara-website-server/app/controllers/v1/CapibaraController.scala
2022.12.06 01:07:10 WARN  no build target for: /home/justin/Documents/CodeProjects/Capibara-Tools/website/capibara-website-server/app/controllers/v1/CapibaraController.scala
2022.12.06 01:07:56 WARN  no build target for: /home/justin/Documents/CodeProjects/Capibara-Tools/website/capibara-website-server/app/controllers/v1/CapibaraController.scala
2022.12.06 01:08:26 WARN  no build target for: /home/justin/Documents/CodeProjects/Capibara-Tools/website/capibara-website-server/app/controllers/v1/CapibaraController.scala
2022.12.06 01:09:41 WARN  no build target for: /home/justin/Documents/CodeProjects/Capibara-Tools/website/capibara-website-server/app/controllers/v1/CapibaraController.scala
2022.12.06 01:12:36 WARN  no build target for: /home/justin/Documents/CodeProjects/Capibara-Tools/website/capibara-website-server/app/controllers/v1/CapibaraController.scala
Dec 06, 2022 1:12:39 AM org.eclipse.lsp4j.jsonrpc.RemoteEndpoint handleCancellation
WARNING: Unmatched cancel notification for request id 3304
2022.12.06 01:13:45 WARN  no build target for: /home/justin/Documents/CodeProjects/Capibara-Tools/website/capibara-website-server/app/controllers/v1/CapibaraController.scala
2022.12.06 01:15:11 WARN  no build target for: /home/justin/Documents/CodeProjects/Capibara-Tools/website/capibara-website-server/app/controllers/v1/CapibaraController.scala
2022.12.06 01:15:55 WARN  no build target for: /home/justin/Documents/CodeProjects/Capibara-Tools/website/capibara-website-server/app/controllers/v1/CapibaraController.scala
2022.12.06 01:16:25 WARN  no build target for: /home/justin/Documents/CodeProjects/Capibara-Tools/website/capibara-website-server/app/controllers/v1/CapibaraController.scala
2022.12.06 01:16:32 WARN  no build target for: /home/justin/Documents/CodeProjects/Capibara-Tools/website/capibara-website-server/app/controllers/v1/CapibaraController.scala
2022.12.06 01:21:40 WARN  no build target for: /home/justin/Documents/CodeProjects/Capibara-Tools/website/capibara-website-server/app/controllers/v1/CapibaraController.scala
2022.12.06 01:22:50 WARN  no build target for: /home/justin/Documents/CodeProjects/Capibara-Tools/website/capibara-website-server/app/controllers/v1/CapibaraController.scala
2022.12.06 01:22:56 WARN  no build target for: /home/justin/Documents/CodeProjects/Capibara-Tools/website/capibara-website-server/app/controllers/v1/CapibaraController.scala
2022.12.06 01:23:08 WARN  no build target for: /home/justin/Documents/CodeProjects/Capibara-Tools/website/capibara-website-server/app/controllers/v1/CapibaraController.scala
2022.12.06 01:23:21 WARN  no build target for: /home/justin/Documents/CodeProjects/Capibara-Tools/website/capibara-website-server/app/controllers/v1/CapibaraController.scala
2022.12.06 01:23:32 WARN  no build target for: /home/justin/Documents/CodeProjects/Capibara-Tools/website/capibara-website-server/app/controllers/v1/CapibaraController.scala
2022.12.06 01:24:09 WARN  no build target for: /home/justin/Documents/CodeProjects/Capibara-Tools/website/capibara-website-server/app/controllers/v1/CapibaraController.scala
2022.12.06 01:24:49 WARN  no build target for: /home/justin/Documents/CodeProjects/Capibara-Tools/website/capibara-website-server/app/controllers/v1/CapibaraController.scala
2022.12.06 01:25:07 WARN  no build target for: /home/justin/Documents/CodeProjects/Capibara-Tools/website/capibara-website-server/app/controllers/v1/CapibaraController.scala
2022.12.06 01:25:20 WARN  no build target for: /home/justin/Documents/CodeProjects/Capibara-Tools/website/capibara-website-server/app/controllers/v1/CapibaraController.scala
2022.12.06 01:25:36 WARN  no build target for: /home/justin/Documents/CodeProjects/Capibara-Tools/website/capibara-website-server/app/controllers/v1/CapibaraController.scala
2022.12.06 01:25:56 WARN  no build target for: /home/justin/Documents/CodeProjects/Capibara-Tools/website/capibara-website-server/app/controllers/v1/CapibaraController.scala
2022.12.06 01:26:30 WARN  no build target for: /home/justin/Documents/CodeProjects/Capibara-Tools/website/capibara-website-server/app/models/CapibaraDocument.scala
2022.12.06 01:27:00 WARN  no build target for: /home/justin/Documents/CodeProjects/Capibara-Tools/website/capibara-website-server/app/models/CapibaraDocument.scala
2022.12.06 01:27:09 WARN  no build target for: /home/justin/Documents/CodeProjects/Capibara-Tools/website/capibara-website-server/app/models/CapibaraDocument.scala
2022.12.06 01:29:06 WARN  no build target for: /home/justin/Documents/CodeProjects/Capibara-Tools/website/capibara-website-server/app/controllers/v1/CapibaraController.scala
2022.12.06 01:29:19 WARN  no build target for: /home/justin/Documents/CodeProjects/Capibara-Tools/website/capibara-website-server/app/controllers/v1/CapibaraController.scala
2022.12.06 01:30:40 WARN  no build target for: /home/justin/Documents/CodeProjects/Capibara-Tools/website/capibara-website-server/app/controllers/v1/CapibaraController.scala
2022.12.06 01:31:03 WARN  no build target for: /home/justin/Documents/CodeProjects/Capibara-Tools/website/capibara-website-server/app/controllers/v1/CapibaraController.scala
2022.12.06 01:36:37 WARN  no build target for: /home/justin/Documents/CodeProjects/Capibara-Tools/website/capibara-website-server/app/controllers/v1/CapibaraController.scala
2022.12.06 01:37:06 WARN  no build target for: /home/justin/Documents/CodeProjects/Capibara-Tools/website/capibara-website-server/app/models/CapibaraDocument.scala
2022.12.06 01:37:07 WARN  no build target for: /home/justin/Documents/CodeProjects/Capibara-Tools/website/capibara-website-server/app/models/CapibaraDocument.scala
2022.12.06 01:37:36 WARN  no build target for: /home/justin/Documents/CodeProjects/Capibara-Tools/website/capibara-website-server/app/models/CapibaraDocument.scala
2022.12.06 01:38:06 WARN  no build target for: /home/justin/Documents/CodeProjects/Capibara-Tools/website/capibara-website-server/app/models/CapibaraDocument.scala
2022.12.06 01:38:26 WARN  no build target for: /home/justin/Documents/CodeProjects/Capibara-Tools/website/capibara-website-server/app/models/CapibaraDocument.scala
2022.12.06 01:38:41 WARN  no build target for: /home/justin/Documents/CodeProjects/Capibara-Tools/website/capibara-website-server/app/models/CapibaraDocument.scala
2022.12.06 01:39:07 WARN  no build target for: /home/justin/Documents/CodeProjects/Capibara-Tools/website/capibara-website-server/app/models/CapibaraDocument.scala
2022.12.06 01:39:39 ERROR scalafmt: /home/justin/Documents/CodeProjects/Capibara-Tools/website/capibara-website-server/app/models/CapibaraDocument.scala:16: error: [dialect scala213] identifier expected but { found
object {
       ^
2022.12.06 01:39:39 WARN  no build target for: /home/justin/Documents/CodeProjects/Capibara-Tools/website/capibara-website-server/app/models/CapibaraDocument.scala
Dec 06, 2022 1:39:40 AM org.eclipse.lsp4j.jsonrpc.RemoteEndpoint fallbackResponseError
SEVERE: Internal error: java.lang.reflect.InvocationTargetException
java.lang.RuntimeException: java.lang.reflect.InvocationTargetException
	at org.eclipse.lsp4j.jsonrpc.services.GenericEndpoint.lambda$null$0(GenericEndpoint.java:67)
	at org.eclipse.lsp4j.jsonrpc.services.GenericEndpoint.request(GenericEndpoint.java:120)
	at org.eclipse.lsp4j.jsonrpc.RemoteEndpoint.handleRequest(RemoteEndpoint.java:261)
	at org.eclipse.lsp4j.jsonrpc.RemoteEndpoint.consume(RemoteEndpoint.java:190)
	at org.eclipse.lsp4j.jsonrpc.json.StreamMessageProducer.handleMessage(StreamMessageProducer.java:194)
	at org.eclipse.lsp4j.jsonrpc.json.StreamMessageProducer.listen(StreamMessageProducer.java:94)
	at org.eclipse.lsp4j.jsonrpc.json.ConcurrentMessageProcessor.run(ConcurrentMessageProcessor.java:113)
	at java.base/java.util.concurrent.Executors$RunnableAdapter.call(Executors.java:515)
	at java.base/java.util.concurrent.FutureTask.run(FutureTask.java:264)
	at java.base/java.util.concurrent.ThreadPoolExecutor.runWorker(ThreadPoolExecutor.java:1128)
	at java.base/java.util.concurrent.ThreadPoolExecutor$Worker.run(ThreadPoolExecutor.java:628)
	at java.base/java.lang.Thread.run(Thread.java:829)
Caused by: java.lang.reflect.InvocationTargetException
	at jdk.internal.reflect.GeneratedMethodAccessor22.invoke(Unknown Source)
	at java.base/jdk.internal.reflect.DelegatingMethodAccessorImpl.invoke(DelegatingMethodAccessorImpl.java:43)
	at java.base/java.lang.reflect.Method.invoke(Method.java:566)
	at org.eclipse.lsp4j.jsonrpc.services.GenericEndpoint.lambda$null$0(GenericEndpoint.java:65)
	... 11 more
Caused by: file:///home/justin/Documents/CodeProjects/Capibara-Tools/website/capibara-website-server/app/models/CapibaraDocument.scala:16: error: file:///home/justin/Documents/CodeProjects/Capibara-Tools/website/capibara-website-server/app/models/CapibaraDocument.scala:16: error: expected identifier; obtained lbrace
object {
       ^
object {
       ^
	at scala.meta.internal.mtags.ScalaToplevelMtags.fail(ScalaToplevelMtags.scala:452)
	at scala.meta.internal.mtags.ScalaToplevelMtags.newIdentifier(ScalaToplevelMtags.scala:437)
	at scala.meta.internal.mtags.ScalaToplevelMtags.emitMember(ScalaToplevelMtags.scala:339)
	at scala.meta.internal.mtags.ScalaToplevelMtags.loop(ScalaToplevelMtags.scala:162)
	at scala.meta.internal.mtags.ScalaToplevelMtags.indexRoot(ScalaToplevelMtags.scala:50)
	at scala.meta.internal.mtags.MtagsIndexer.index(MtagsIndexer.scala:19)
	at scala.meta.internal.mtags.MtagsIndexer.index$(MtagsIndexer.scala:18)
	at scala.meta.internal.mtags.ScalaToplevelMtags.index(ScalaToplevelMtags.scala:40)
	at scala.meta.internal.mtags.Mtags$.allToplevels(Mtags.scala:96)
	at scala.meta.internal.metals.DefinitionProvider.fromMtags(DefinitionProvider.scala:286)
	at scala.meta.internal.metals.DefinitionProvider.$anonfun$positionOccurrence$3(DefinitionProvider.scala:206)
	at scala.Option.orElse(Option.scala:477)
	at scala.meta.internal.metals.DefinitionProvider.$anonfun$positionOccurrence$1(DefinitionProvider.scala:206)
	at scala.Option.flatMap(Option.scala:283)
	at scala.meta.internal.metals.DefinitionProvider.positionOccurrence(DefinitionProvider.scala:201)
	at scala.meta.internal.metals.MetalsLanguageServer.$anonfun$definitionOrReferences$1(MetalsLanguageServer.scala:2600)
	at scala.Option.map(Option.scala:242)
	at scala.meta.internal.metals.MetalsLanguageServer.definitionOrReferences(MetalsLanguageServer.scala:2596)
	at scala.meta.internal.metals.MetalsLanguageServer.$anonfun$definition$1(MetalsLanguageServer.scala:1490)
	at scala.meta.internal.metals.CancelTokens$.future(CancelTokens.scala:38)
	at scala.meta.internal.metals.MetalsLanguageServer.definition(MetalsLanguageServer.scala:1489)
	... 15 more

Dec 06, 2022 1:40:14 AM org.eclipse.lsp4j.jsonrpc.RemoteEndpoint fallbackResponseError
SEVERE: Internal error: java.lang.reflect.InvocationTargetException
java.lang.RuntimeException: java.lang.reflect.InvocationTargetException
	at org.eclipse.lsp4j.jsonrpc.services.GenericEndpoint.lambda$null$0(GenericEndpoint.java:67)
	at org.eclipse.lsp4j.jsonrpc.services.GenericEndpoint.request(GenericEndpoint.java:120)
	at org.eclipse.lsp4j.jsonrpc.RemoteEndpoint.handleRequest(RemoteEndpoint.java:261)
	at org.eclipse.lsp4j.jsonrpc.RemoteEndpoint.consume(RemoteEndpoint.java:190)
	at org.eclipse.lsp4j.jsonrpc.json.StreamMessageProducer.handleMessage(StreamMessageProducer.java:194)
	at org.eclipse.lsp4j.jsonrpc.json.StreamMessageProducer.listen(StreamMessageProducer.java:94)
	at org.eclipse.lsp4j.jsonrpc.json.ConcurrentMessageProcessor.run(ConcurrentMessageProcessor.java:113)
	at java.base/java.util.concurrent.Executors$RunnableAdapter.call(Executors.java:515)
	at java.base/java.util.concurrent.FutureTask.run(FutureTask.java:264)
	at java.base/java.util.concurrent.ThreadPoolExecutor.runWorker(ThreadPoolExecutor.java:1128)
	at java.base/java.util.concurrent.ThreadPoolExecutor$Worker.run(ThreadPoolExecutor.java:628)
	at java.base/java.lang.Thread.run(Thread.java:829)
Caused by: java.lang.reflect.InvocationTargetException
	at jdk.internal.reflect.GeneratedMethodAccessor22.invoke(Unknown Source)
	at java.base/jdk.internal.reflect.DelegatingMethodAccessorImpl.invoke(DelegatingMethodAccessorImpl.java:43)
	at java.base/java.lang.reflect.Method.invoke(Method.java:566)
	at org.eclipse.lsp4j.jsonrpc.services.GenericEndpoint.lambda$null$0(GenericEndpoint.java:65)
	... 11 more
Caused by: file:///home/justin/Documents/CodeProjects/Capibara-Tools/website/capibara-website-server/app/models/CapibaraDocument.scala:16: error: file:///home/justin/Documents/CodeProjects/Capibara-Tools/website/capibara-website-server/app/models/CapibaraDocument.scala:16: error: expected identifier; obtained lbrace
object {
       ^
object {
       ^
	at scala.meta.internal.mtags.ScalaToplevelMtags.fail(ScalaToplevelMtags.scala:452)
	at scala.meta.internal.mtags.ScalaToplevelMtags.newIdentifier(ScalaToplevelMtags.scala:437)
	at scala.meta.internal.mtags.ScalaToplevelMtags.emitMember(ScalaToplevelMtags.scala:339)
	at scala.meta.internal.mtags.ScalaToplevelMtags.loop(ScalaToplevelMtags.scala:162)
	at scala.meta.internal.mtags.ScalaToplevelMtags.indexRoot(ScalaToplevelMtags.scala:50)
	at scala.meta.internal.mtags.MtagsIndexer.index(MtagsIndexer.scala:19)
	at scala.meta.internal.mtags.MtagsIndexer.index$(MtagsIndexer.scala:18)
	at scala.meta.internal.mtags.ScalaToplevelMtags.index(ScalaToplevelMtags.scala:40)
	at scala.meta.internal.mtags.Mtags$.allToplevels(Mtags.scala:96)
	at scala.meta.internal.metals.DefinitionProvider.fromMtags(DefinitionProvider.scala:286)
	at scala.meta.internal.metals.DefinitionProvider.$anonfun$positionOccurrence$3(DefinitionProvider.scala:206)
	at scala.Option.orElse(Option.scala:477)
	at scala.meta.internal.metals.DefinitionProvider.$anonfun$positionOccurrence$1(DefinitionProvider.scala:206)
	at scala.Option.flatMap(Option.scala:283)
	at scala.meta.internal.metals.DefinitionProvider.positionOccurrence(DefinitionProvider.scala:201)
	at scala.meta.internal.metals.MetalsLanguageServer.$anonfun$definitionOrReferences$1(MetalsLanguageServer.scala:2600)
	at scala.Option.map(Option.scala:242)
	at scala.meta.internal.metals.MetalsLanguageServer.definitionOrReferences(MetalsLanguageServer.scala:2596)
	at scala.meta.internal.metals.MetalsLanguageServer.$anonfun$definition$1(MetalsLanguageServer.scala:1490)
	at scala.meta.internal.metals.CancelTokens$.future(CancelTokens.scala:38)
	at scala.meta.internal.metals.MetalsLanguageServer.definition(MetalsLanguageServer.scala:1489)
	... 15 more

Dec 06, 2022 1:40:17 AM org.eclipse.lsp4j.jsonrpc.RemoteEndpoint fallbackResponseError
SEVERE: Internal error: java.lang.reflect.InvocationTargetException
java.lang.RuntimeException: java.lang.reflect.InvocationTargetException
	at org.eclipse.lsp4j.jsonrpc.services.GenericEndpoint.lambda$null$0(GenericEndpoint.java:67)
	at org.eclipse.lsp4j.jsonrpc.services.GenericEndpoint.request(GenericEndpoint.java:120)
	at org.eclipse.lsp4j.jsonrpc.RemoteEndpoint.handleRequest(RemoteEndpoint.java:261)
	at org.eclipse.lsp4j.jsonrpc.RemoteEndpoint.consume(RemoteEndpoint.java:190)
	at org.eclipse.lsp4j.jsonrpc.json.StreamMessageProducer.handleMessage(StreamMessageProducer.java:194)
	at org.eclipse.lsp4j.jsonrpc.json.StreamMessageProducer.listen(StreamMessageProducer.java:94)
	at org.eclipse.lsp4j.jsonrpc.json.ConcurrentMessageProcessor.run(ConcurrentMessageProcessor.java:113)
	at java.base/java.util.concurrent.Executors$RunnableAdapter.call(Executors.java:515)
	at java.base/java.util.concurrent.FutureTask.run(FutureTask.java:264)
	at java.base/java.util.concurrent.ThreadPoolExecutor.runWorker(ThreadPoolExecutor.java:1128)
	at java.base/java.util.concurrent.ThreadPoolExecutor$Worker.run(ThreadPoolExecutor.java:628)
	at java.base/java.lang.Thread.run(Thread.java:829)
Caused by: java.lang.reflect.InvocationTargetException
	at jdk.internal.reflect.GeneratedMethodAccessor22.invoke(Unknown Source)
	at java.base/jdk.internal.reflect.DelegatingMethodAccessorImpl.invoke(DelegatingMethodAccessorImpl.java:43)
	at java.base/java.lang.reflect.Method.invoke(Method.java:566)
	at org.eclipse.lsp4j.jsonrpc.services.GenericEndpoint.lambda$null$0(GenericEndpoint.java:65)
	... 11 more
Caused by: file:///home/justin/Documents/CodeProjects/Capibara-Tools/website/capibara-website-server/app/models/CapibaraDocument.scala:16: error: file:///home/justin/Documents/CodeProjects/Capibara-Tools/website/capibara-website-server/app/models/CapibaraDocument.scala:16: error: expected identifier; obtained lbrace
object {
       ^
object {
       ^
	at scala.meta.internal.mtags.ScalaToplevelMtags.fail(ScalaToplevelMtags.scala:452)
	at scala.meta.internal.mtags.ScalaToplevelMtags.newIdentifier(ScalaToplevelMtags.scala:437)
	at scala.meta.internal.mtags.ScalaToplevelMtags.emitMember(ScalaToplevelMtags.scala:339)
	at scala.meta.internal.mtags.ScalaToplevelMtags.loop(ScalaToplevelMtags.scala:162)
	at scala.meta.internal.mtags.ScalaToplevelMtags.indexRoot(ScalaToplevelMtags.scala:50)
	at scala.meta.internal.mtags.MtagsIndexer.index(MtagsIndexer.scala:19)
	at scala.meta.internal.mtags.MtagsIndexer.index$(MtagsIndexer.scala:18)
	at scala.meta.internal.mtags.ScalaToplevelMtags.index(ScalaToplevelMtags.scala:40)
	at scala.meta.internal.mtags.Mtags$.allToplevels(Mtags.scala:96)
	at scala.meta.internal.metals.DefinitionProvider.fromMtags(DefinitionProvider.scala:286)
	at scala.meta.internal.metals.DefinitionProvider.$anonfun$positionOccurrence$3(DefinitionProvider.scala:206)
	at scala.Option.orElse(Option.scala:477)
	at scala.meta.internal.metals.DefinitionProvider.$anonfun$positionOccurrence$1(DefinitionProvider.scala:206)
	at scala.Option.flatMap(Option.scala:283)
	at scala.meta.internal.metals.DefinitionProvider.positionOccurrence(DefinitionProvider.scala:201)
	at scala.meta.internal.metals.MetalsLanguageServer.$anonfun$definitionOrReferences$1(MetalsLanguageServer.scala:2600)
	at scala.Option.map(Option.scala:242)
	at scala.meta.internal.metals.MetalsLanguageServer.definitionOrReferences(MetalsLanguageServer.scala:2596)
	at scala.meta.internal.metals.MetalsLanguageServer.$anonfun$definition$1(MetalsLanguageServer.scala:1490)
	at scala.meta.internal.metals.CancelTokens$.future(CancelTokens.scala:38)
	at scala.meta.internal.metals.MetalsLanguageServer.definition(MetalsLanguageServer.scala:1489)
	... 15 more

2022.12.06 01:40:33 WARN  no build target for: /home/justin/Documents/CodeProjects/Capibara-Tools/website/capibara-website-server/app/models/CapibaraDocument.scala
2022.12.06 01:40:34 WARN  no build target for: /home/justin/Documents/CodeProjects/Capibara-Tools/website/capibara-website-server/app/models/CapibaraDocument.scala
2022.12.06 01:40:34 WARN  no build target for: /home/justin/Documents/CodeProjects/Capibara-Tools/website/capibara-website-server/app/models/CapibaraDocument.scala
2022.12.06 01:40:38 WARN  no build target for: /home/justin/Documents/CodeProjects/Capibara-Tools/website/capibara-website-server/app/models/CapibaraDocument.scala
2022.12.06 01:40:45 WARN  no build target for: /home/justin/Documents/CodeProjects/Capibara-Tools/website/capibara-website-server/app/models/CapibaraDocument.scala
2022.12.06 01:41:07 WARN  no build target for: /home/justin/Documents/CodeProjects/Capibara-Tools/website/capibara-website-server/app/models/CapibaraDocument.scala
2022.12.06 01:46:29 WARN  no build target for: /home/justin/Documents/CodeProjects/Capibara-Tools/website/capibara-website-server/app/controllers/v1/CapibaraController.scala
2022.12.06 01:46:35 WARN  no build target for: /home/justin/Documents/CodeProjects/Capibara-Tools/website/capibara-website-server/app/controllers/v1/CapibaraController.scala
2022.12.06 01:46:44 WARN  no build target for: /home/justin/Documents/CodeProjects/Capibara-Tools/website/capibara-website-server/app/controllers/v1/CapibaraController.scala
2022.12.06 02:23:09 WARN  no build target for: /home/justin/Documents/CodeProjects/Capibara-Tools/website/capibara-website-server/app/ErrorHandler.scala
2022.12.06 02:23:12 WARN  no build target for: /home/justin/Documents/CodeProjects/Capibara-Tools/website/capibara-website-server/app/ErrorHandler.scala
2022.12.06 02:24:27 WARN  no build target for: /home/justin/Documents/CodeProjects/Capibara-Tools/website/capibara-website-server/app/ErrorHandler.scala
2022.12.06 02:26:17 WARN  no build target for: /home/justin/Documents/CodeProjects/Capibara-Tools/website/capibara-website-server/app/ErrorHandler.scala
2022.12.06 02:26:43 WARN  no build target for: /home/justin/Documents/CodeProjects/Capibara-Tools/website/capibara-website-server/app/ErrorHandler.scala
2022.12.06 02:31:53 WARN  no build target for: /home/justin/Documents/CodeProjects/Capibara-Tools/website/capibara-website-server/app/ErrorHandler.scala
2022.12.06 02:32:46 WARN  no build target for: /home/justin/Documents/CodeProjects/Capibara-Tools/website/capibara-website-server/app/ErrorHandler.scala
2022.12.06 02:32:56 WARN  no build target for: /home/justin/Documents/CodeProjects/Capibara-Tools/website/capibara-website-server/app/ErrorHandler.scala
2022.12.06 02:33:12 WARN  no build target for: /home/justin/Documents/CodeProjects/Capibara-Tools/website/capibara-website-server/app/ErrorHandler.scala
2022.12.06 02:34:29 ERROR scalafmt: /home/justin/Documents/CodeProjects/Capibara-Tools/website/capibara-website-server/app/ErrorHandler.scala:11: error: [dialect scala213] ) expected but val found
    val assets: Assets
    ^
2022.12.06 02:34:29 WARN  no build target for: /home/justin/Documents/CodeProjects/Capibara-Tools/website/capibara-website-server/app/ErrorHandler.scala
2022.12.06 02:34:32 WARN  no build target for: /home/justin/Documents/CodeProjects/Capibara-Tools/website/capibara-website-server/app/ErrorHandler.scala
2022.12.06 02:34:38 WARN  no build target for: /home/justin/Documents/CodeProjects/Capibara-Tools/website/capibara-website-server/app/ErrorHandler.scala
2022.12.06 02:35:02 ERROR scalafmt: /home/justin/Documents/CodeProjects/Capibara-Tools/website/capibara-website-server/app/ErrorHandler.scala:3: error: [dialect scala213] identifier expected but import found
import play.api.mvc._
^
2022.12.06 02:35:02 WARN  no build target for: /home/justin/Documents/CodeProjects/Capibara-Tools/website/capibara-website-server/app/ErrorHandler.scala
2022.12.06 02:35:03 WARN  no build target for: /home/justin/Documents/CodeProjects/Capibara-Tools/website/capibara-website-server/app/ErrorHandler.scala
2022.12.06 02:35:21 WARN  no build target for: /home/justin/Documents/CodeProjects/Capibara-Tools/website/capibara-website-server/app/ErrorHandler.scala
2022.12.06 02:35:38 WARN  no build target for: /home/justin/Documents/CodeProjects/Capibara-Tools/website/capibara-website-server/app/ErrorHandler.scala
2022.12.06 02:35:51 WARN  no build target for: /home/justin/Documents/CodeProjects/Capibara-Tools/website/capibara-website-server/app/ErrorHandler.scala
2022.12.06 02:36:36 WARN  no build target for: /home/justin/Documents/CodeProjects/Capibara-Tools/website/capibara-website-server/app/ErrorHandler.scala
2022.12.06 02:38:57 WARN  no build target for: /home/justin/Documents/CodeProjects/Capibara-Tools/website/capibara-website-server/app/controllers/v1/MyAssets.scala.scala
2022.12.06 02:39:02 WARN  no build target for: /home/justin/Documents/CodeProjects/Capibara-Tools/website/capibara-website-server/app/controllers/v1/MyAssets.scala.scala
2022.12.06 02:39:02 WARN  no build target for: /home/justin/Documents/CodeProjects/Capibara-Tools/website/capibara-website-server/app/controllers/v1/MyAssets.scala.scala
2022.12.06 02:39:09 WARN  no build target for: /home/justin/Documents/CodeProjects/Capibara-Tools/website/capibara-website-server/app/controllers/v1/MyAssets.scala
2022.12.06 02:39:51 WARN  no build target for: /home/justin/Documents/CodeProjects/Capibara-Tools/website/capibara-website-server/app/controllers/v1/MyAssets.scala
2022.12.06 02:40:08 WARN  no build target for: /home/justin/Documents/CodeProjects/Capibara-Tools/website/capibara-website-server/app/ErrorHandler.scala
2022.12.06 02:40:23 WARN  no build target for: /home/justin/Documents/CodeProjects/Capibara-Tools/website/capibara-website-server/app/controllers/v1/MyAssets.scala
2022.12.06 02:40:39 WARN  no build target for: /home/justin/Documents/CodeProjects/Capibara-Tools/website/capibara-website-server/app/controllers/v1/MyAssets.scala
2022.12.06 02:41:04 WARN  no build target for: /home/justin/Documents/CodeProjects/Capibara-Tools/website/capibara-website-server/app/controllers/v1/MyAssets.scala
2022.12.06 02:46:37 WARN  no build target for: /home/justin/Documents/CodeProjects/Capibara-Tools/website/capibara-website-server/app/controllers/v1/MyAssets.scala
2022.12.06 02:46:37 WARN  no build target for: /home/justin/Documents/CodeProjects/Capibara-Tools/website/capibara-website-server/app/controllers/v1/MyAssets.scala
2022.12.06 02:47:03 ERROR scalafmt: /home/justin/Documents/CodeProjects/Capibara-Tools/website/capibara-website-server/app/controllers/v1/MyAssets.scala:6: error: [dialect scala213] ; expected but @ found
object MyAssets @Inject() (
                ^
2022.12.06 02:47:03 WARN  no build target for: /home/justin/Documents/CodeProjects/Capibara-Tools/website/capibara-website-server/app/controllers/v1/MyAssets.scala
2022.12.06 02:47:26 ERROR scalafmt: /home/justin/Documents/CodeProjects/Capibara-Tools/website/capibara-website-server/app/controllers/v1/MyAssets.scala:10: error: [dialect scala213] ) expected but val found
    val assets: controllers.AssetsComponents) extends BaseController {
    ^
2022.12.06 02:47:26 WARN  no build target for: /home/justin/Documents/CodeProjects/Capibara-Tools/website/capibara-website-server/app/controllers/v1/MyAssets.scala
2022.12.06 02:47:26 ERROR scalafmt: /home/justin/Documents/CodeProjects/Capibara-Tools/website/capibara-website-server/app/controllers/v1/MyAssets.scala:10: error: [dialect scala213] ) expected but val found
    val assets: controllers.AssetsComponents) extends BaseController {
    ^
2022.12.06 02:47:27 WARN  no build target for: /home/justin/Documents/CodeProjects/Capibara-Tools/website/capibara-website-server/app/controllers/v1/MyAssets.scala
2022.12.06 02:47:31 WARN  no build target for: /home/justin/Documents/CodeProjects/Capibara-Tools/website/capibara-website-server/app/controllers/v1/MyAssets.scala
2022.12.06 02:48:12 WARN  no build target for: /home/justin/Documents/CodeProjects/Capibara-Tools/website/capibara-website-server/app/controllers/v1/MyAssets.scala
2022.12.06 02:48:19 WARN  no build target for: /home/justin/Documents/CodeProjects/Capibara-Tools/website/capibara-website-server/app/controllers/v1/MyAssets.scala
2022.12.06 02:48:20 WARN  no build target for: /home/justin/Documents/CodeProjects/Capibara-Tools/website/capibara-website-server/app/controllers/v1/MyAssetsController.scala
2022.12.06 02:48:59 WARN  no build target for: /home/justin/Documents/CodeProjects/Capibara-Tools/website/capibara-website-server/app/ErrorHandler.scala
2022.12.06 02:49:18 ERROR scalafmt: /home/justin/Documents/CodeProjects/Capibara-Tools/website/capibara-website-server/app/controllers/v1/MyAssetsController.scala:6: error: [dialect scala213] ; expected but @ found
object MyAssetsController @Inject() (
                          ^
2022.12.06 02:49:18 WARN  no build target for: /home/justin/Documents/CodeProjects/Capibara-Tools/website/capibara-website-server/app/controllers/v1/MyAssetsController.scala
2022.12.06 02:49:28 WARN  no build target for: /home/justin/Documents/CodeProjects/Capibara-Tools/website/capibara-website-server/app/controllers/v1/MyAssetsController.scala
2022.12.06 02:50:39 WARN  no build target for: /home/justin/Documents/CodeProjects/Capibara-Tools/website/capibara-website-server/app/controllers/v1/MyAssetsController.scala
2022.12.06 02:51:00 WARN  no build target for: /home/justin/Documents/CodeProjects/Capibara-Tools/website/capibara-website-server/app/controllers/v1/MyAssetsController.scala
2022.12.06 02:51:43 WARN  no build target for: /home/justin/Documents/CodeProjects/Capibara-Tools/website/capibara-website-server/app/ErrorHandler.scala
2022.12.06 02:52:08 WARN  no build target for: /home/justin/Documents/CodeProjects/Capibara-Tools/website/capibara-website-server/app/ErrorHandler.scala
2022.12.06 02:59:13 WARN  no build target for: /home/justin/Documents/CodeProjects/Capibara-Tools/website/capibara-website-server/app/ErrorHandler.scala
2022.12.06 02:59:27 ERROR scalafmt: /home/justin/Documents/CodeProjects/Capibara-Tools/website/capibara-website-server/app/ErrorHandler.scala:15: error: [dialect scala213] : expected but ) found
  ): Future[Result] = {
  ^
2022.12.06 02:59:28 WARN  no build target for: /home/justin/Documents/CodeProjects/Capibara-Tools/website/capibara-website-server/app/ErrorHandler.scala
2022.12.06 02:59:33 WARN  no build target for: /home/justin/Documents/CodeProjects/Capibara-Tools/website/capibara-website-server/app/ErrorHandler.scala
2022.12.06 02:59:43 WARN  no build target for: /home/justin/Documents/CodeProjects/Capibara-Tools/website/capibara-website-server/app/ErrorHandler.scala
2022.12.06 03:01:55 WARN  no build target for: /home/justin/Documents/CodeProjects/Capibara-Tools/website/capibara-website-server/app/ErrorHandler.scala
2022.12.06 03:04:59 WARN  no build target for: /home/justin/Documents/CodeProjects/Capibara-Tools/website/capibara-website-server/app/ErrorHandler.scala
2022.12.06 03:05:00 WARN  no build target for: /home/justin/Documents/CodeProjects/Capibara-Tools/website/capibara-website-server/app/ErrorHandler.scala
2022.12.06 03:05:21 WARN  no build target for: /home/justin/Documents/CodeProjects/Capibara-Tools/website/capibara-website-server/app/ErrorHandler.scala
2022.12.06 03:07:41 WARN  no build target for: /home/justin/Documents/CodeProjects/Capibara-Tools/website/capibara-website-server/app/controllers/v1/CapibaraController.scala
2022.12.06 03:09:04 WARN  no build target for: /home/justin/Documents/CodeProjects/Capibara-Tools/website/capibara-website-server/app/controllers/v1/CapibaraController.scala
2022.12.06 03:10:32 WARN  no build target for: /home/justin/Documents/CodeProjects/Capibara-Tools/website/capibara-website-server/app/controllers/v1/CapibaraController.scala
2022.12.06 03:11:16 WARN  no build target for: /home/justin/Documents/CodeProjects/Capibara-Tools/website/capibara-website-server/app/models/CapibaraDocument.scala
2022.12.06 03:12:21 WARN  no build target for: /home/justin/Documents/CodeProjects/Capibara-Tools/website/capibara-website-server/app/models/CapibaraDocument.scala
2022.12.06 03:30:02 WARN  no build target for: /home/justin/Documents/CodeProjects/Capibara-Tools/website/capibara-website-server/app/controllers/v1/CapibaraController.scala
2022.12.06 03:30:20 WARN  no build target for: /home/justin/Documents/CodeProjects/Capibara-Tools/website/capibara-website-server/app/controllers/v1/CapibaraController.scala
2022.12.06 03:30:32 WARN  no build target for: /home/justin/Documents/CodeProjects/Capibara-Tools/website/capibara-website-server/app/controllers/v1/CapibaraController.scala
2022.12.06 03:32:54 WARN  no build target for: /home/justin/Documents/CodeProjects/Capibara-Tools/website/capibara-website-server/app/models/CapibaraDocument.scala
2022.12.06 03:32:55 WARN  no build target for: /home/justin/Documents/CodeProjects/Capibara-Tools/website/capibara-website-server/app/models/CapibaraDocument.scala
2022.12.06 03:34:10 WARN  no build target for: /home/justin/Documents/CodeProjects/Capibara-Tools/website/capibara-website-server/app/models/CapibaraDocument.scala
2022.12.06 03:35:13 WARN  no build target for: /home/justin/Documents/CodeProjects/Capibara-Tools/website/capibara-website-server/app/models/CapibaraDocument.scala
2022.12.06 03:35:20 WARN  no build target for: /home/justin/Documents/CodeProjects/Capibara-Tools/website/capibara-website-server/app/models/CapibaraDocument.scala
2022.12.06 03:36:48 WARN  no build target for: /home/justin/Documents/CodeProjects/Capibara-Tools/website/capibara-website-server/app/controllers/v1/CapibaraController.scala
2022.12.06 03:36:51 WARN  no build target for: /home/justin/Documents/CodeProjects/Capibara-Tools/website/capibara-website-server/app/controllers/v1/CapibaraController.scala
2022.12.06 03:39:51 WARN  no build target for: /home/justin/Documents/CodeProjects/Capibara-Tools/website/capibara-website-server/app/controllers/v1/CapibaraController.scala
2022.12.06 03:40:14 WARN  no build target for: /home/justin/Documents/CodeProjects/Capibara-Tools/website/capibara-website-server/app/controllers/v1/CapibaraController.scala
2022.12.06 03:40:49 WARN  no build target for: /home/justin/Documents/CodeProjects/Capibara-Tools/website/capibara-website-server/app/models/CapibaraDocument.scala
2022.12.06 03:40:50 WARN  no build target for: /home/justin/Documents/CodeProjects/Capibara-Tools/website/capibara-website-server/app/models/CapibaraDocument.scala
2022.12.06 03:41:07 WARN  no build target for: /home/justin/Documents/CodeProjects/Capibara-Tools/website/capibara-website-server/app/models/CapibaraDocument.scala
2022.12.06 03:47:11 WARN  no build target for: /home/justin/Documents/CodeProjects/Capibara-Tools/website/capibara-website-server/app/controllers/v1/CapibaraController.scala
2022.12.06 03:47:27 WARN  no build target for: /home/justin/Documents/CodeProjects/Capibara-Tools/website/capibara-website-server/app/controllers/v1/CapibaraController.scala
2022.12.06 03:47:43 WARN  no build target for: /home/justin/Documents/CodeProjects/Capibara-Tools/website/capibara-website-server/app/controllers/v1/CapibaraController.scala
2022.12.06 03:49:32 WARN  no build target for: /home/justin/Documents/CodeProjects/Capibara-Tools/website/capibara-website-server/app/controllers/v1/CapibaraController.scala
2022.12.06 03:49:57 WARN  no build target for: /home/justin/Documents/CodeProjects/Capibara-Tools/website/capibara-website-server/app/controllers/v1/CapibaraController.scala
2022.12.06 03:50:27 WARN  no build target for: /home/justin/Documents/CodeProjects/Capibara-Tools/website/capibara-website-server/app/controllers/v1/CapibaraController.scala
2022.12.06 12:58:19 WARN  no build target for: /home/justin/Documents/CodeProjects/Capibara-Tools/website/capibara-website-server/app/models/CapibaraDocument.scala
2022.12.06 12:58:20 INFO  shutting down Metals
2022.12.06 13:41:39 INFO  tracing is disabled for protocol LSP, to enable tracing of incoming and outgoing JSON messages create an empty file at /home/justin/Documents/CodeProjects/Capibara-Tools/website/.metals/lsp.trace.json or /home/justin/.cache/metals/lsp.trace.json
2022.12.06 13:41:40 INFO  logging to file /home/justin/Documents/CodeProjects/Capibara-Tools/website/.metals/metals.log
2022.12.06 13:41:40 INFO  Started: Metals version 0.11.9 in workspace '/home/justin/Documents/CodeProjects/Capibara-Tools/website' for client Visual Studio Code 1.73.1.
2022.12.06 13:41:40 INFO  time: initialize in 0.72s
2022.12.06 13:41:41 WARN  Build server is not auto-connectable.
2022.12.06 13:41:41 WARN  no build tool detected in workspace '/home/justin/Documents/CodeProjects/Capibara-Tools/website'. The most common cause for this problem is that the editor was opened in the wrong working directory, for example if you use sbt then the workspace directory should contain build.sbt. 
2022.12.06 13:41:41 WARN  no build target for: /home/justin/Documents/CodeProjects/Capibara-Tools/website/capibara-website-server/app/models/CapibaraDocument.scala
2022.12.06 13:41:43 INFO  no build target found for /home/justin/Documents/CodeProjects/Capibara-Tools/website/capibara-website-server/app/models/CapibaraDocument.scala. Using presentation compiler with project's scala-library version: 3.2.0
2022.12.06 13:41:44 INFO  time: code lens generation in 2.38s
2022.12.08 01:27:09 WARN  no build target for: /home/justin/Documents/CodeProjects/Capibara-Tools/website/capibara-website-server/app/models/CapibaraDocument.scala
2022.12.08 01:27:18 WARN  no build target for: /home/justin/Documents/CodeProjects/Capibara-Tools/website/capibara-website-server/app/models/CapibaraDocument.scala
2022.12.08 01:27:25 WARN  no build target for: /home/justin/Documents/CodeProjects/Capibara-Tools/website/capibara-website-server/app/controllers/v1/CapibaraController.scala
2022.12.08 01:30:17 ERROR scalafmt: /home/justin/Documents/CodeProjects/Capibara-Tools/website/capibara-website-server/app/controllers/v1/CapibaraController.scala:59: error: [dialect scala213] ; expected but else found
        } else {
          ^
2022.12.08 01:30:17 WARN  no build target for: /home/justin/Documents/CodeProjects/Capibara-Tools/website/capibara-website-server/app/controllers/v1/CapibaraController.scala
2022.12.08 01:32:57 ERROR scalafmt: /home/justin/Documents/CodeProjects/Capibara-Tools/website/capibara-website-server/app/controllers/v1/CapibaraController.scala:61: error: [dialect scala213] ; expected but else found
        } else {
          ^
2022.12.08 01:32:57 WARN  no build target for: /home/justin/Documents/CodeProjects/Capibara-Tools/website/capibara-website-server/app/controllers/v1/CapibaraController.scala
2022.12.08 01:39:07 WARN  no build target for: /home/justin/Documents/CodeProjects/Capibara-Tools/website/capibara-website-server/app/models/CapibaraDocument.scala
2022.12.08 01:39:40 ERROR scalafmt: /home/justin/Documents/CodeProjects/Capibara-Tools/website/capibara-website-server/app/models/CapibaraDocument.scala:59: error: [dialect scala213] identifier expected but : found
    functions: Seq[Function]
             ^
2022.12.08 01:39:40 WARN  no build target for: /home/justin/Documents/CodeProjects/Capibara-Tools/website/capibara-website-server/app/models/CapibaraDocument.scala
2022.12.08 01:39:45 WARN  no build target for: /home/justin/Documents/CodeProjects/Capibara-Tools/website/capibara-website-server/app/models/CapibaraDocument.scala
2022.12.08 01:40:11 WARN  no build target for: /home/justin/Documents/CodeProjects/Capibara-Tools/website/capibara-website-server/app/models/CapibaraDocument.scala
2022.12.08 01:40:27 WARN  no build target for: /home/justin/Documents/CodeProjects/Capibara-Tools/website/capibara-website-server/app/models/CapibaraDocument.scala
2022.12.08 01:40:42 WARN  no build target for: /home/justin/Documents/CodeProjects/Capibara-Tools/website/capibara-website-server/app/models/CapibaraDocument.scala
2022.12.08 01:40:44 WARN  no build target for: /home/justin/Documents/CodeProjects/Capibara-Tools/website/capibara-website-server/app/models/CapibaraDocument.scala
2022.12.08 01:46:25 ERROR scalafmt: /home/justin/Documents/CodeProjects/Capibara-Tools/website/capibara-website-server/app/controllers/v1/CapibaraController.scala:67: error: [dialect scala213] illegal start of simple pattern
            val return = RefResult (
                ^
2022.12.08 01:46:25 WARN  no build target for: /home/justin/Documents/CodeProjects/Capibara-Tools/website/capibara-website-server/app/controllers/v1/CapibaraController.scala
Dec 08, 2022 1:49:49 AM org.eclipse.lsp4j.jsonrpc.RemoteEndpoint handleCancellation
WARNING: Unmatched cancel notification for request id 2091
2022.12.08 01:51:51 WARN  no build target for: /home/justin/Documents/CodeProjects/Capibara-Tools/website/capibara-website-server/app/controllers/v1/CapibaraController.scala
2022.12.08 01:51:53 WARN  no build target for: /home/justin/Documents/CodeProjects/Capibara-Tools/website/capibara-website-server/app/controllers/v1/CapibaraController.scala
2022.12.08 01:51:58 WARN  no build target for: /home/justin/Documents/CodeProjects/Capibara-Tools/website/capibara-website-server/app/controllers/v1/CapibaraController.scala
2022.12.08 01:52:00 WARN  no build target for: /home/justin/Documents/CodeProjects/Capibara-Tools/website/capibara-website-server/app/models/CapibaraDocument.scala
2022.12.08 02:06:21 WARN  no build target for: /home/justin/Documents/CodeProjects/Capibara-Tools/website/capibara-website-server/app/controllers/v1/CapibaraController.scala
2022.12.08 02:06:38 WARN  no build target for: /home/justin/Documents/CodeProjects/Capibara-Tools/website/capibara-website-server/app/controllers/v1/CapibaraController.scala
2022.12.08 02:07:13 WARN  no build target for: /home/justin/Documents/CodeProjects/Capibara-Tools/website/capibara-website-server/app/models/CapibaraDocument.scala
2022.12.08 02:07:54 WARN  no build target for: /home/justin/Documents/CodeProjects/Capibara-Tools/website/capibara-website-server/app/models/CapibaraDocument.scala
2022.12.08 02:08:32 WARN  no build target for: /home/justin/Documents/CodeProjects/Capibara-Tools/website/capibara-website-server/app/controllers/v1/CapibaraController.scala
